{"/home/3h45k4r/Desktop/CRM-ticketing-system/client-api/app.js": {"path":"/home/3h45k4r/Desktop/CRM-ticketing-system/client-api/app.js","statementMap":{"0":{"start":{"line":1,"column":0},"end":{"line":1,"column":27}},"1":{"start":{"line":2,"column":16},"end":{"line":2,"column":34}},"2":{"start":{"line":3,"column":12},"end":{"line":3,"column":21}},"3":{"start":{"line":4,"column":13},"end":{"line":4,"column":28}},"4":{"start":{"line":5,"column":15},"end":{"line":5,"column":32}},"5":{"start":{"line":6,"column":15},"end":{"line":6,"column":32}},"6":{"start":{"line":7,"column":13},"end":{"line":7,"column":28}},"7":{"start":{"line":8,"column":21},"end":{"line":8,"column":45}},"8":{"start":{"line":10,"column":17},"end":{"line":10,"column":36}},"9":{"start":{"line":16,"column":0},"end":{"line":16,"column":16}},"10":{"start":{"line":19,"column":0},"end":{"line":19,"column":61}},"11":{"start":{"line":20,"column":0},"end":{"line":20,"column":24}},"12":{"start":{"line":21,"column":0},"end":{"line":21,"column":24}},"13":{"start":{"line":23,"column":12},"end":{"line":39,"column":1}},"14":{"start":{"line":24,"column":1},"end":{"line":38,"column":2}},"15":{"start":{"line":25,"column":2},"end":{"line":25,"column":48}},"16":{"start":{"line":26,"column":2},"end":{"line":34,"column":3}},"17":{"start":{"line":27,"column":15},"end":{"line":27,"column":34}},"18":{"start":{"line":28,"column":3},"end":{"line":30,"column":6}},"19":{"start":{"line":29,"column":4},"end":{"line":29,"column":40}},"20":{"start":{"line":31,"column":3},"end":{"line":33,"column":6}},"21":{"start":{"line":32,"column":4},"end":{"line":32,"column":23}},"22":{"start":{"line":36,"column":2},"end":{"line":36,"column":21}},"23":{"start":{"line":37,"column":2},"end":{"line":37,"column":30}},"24":{"start":{"line":41,"column":0},"end":{"line":41,"column":6}},"25":{"start":{"line":44,"column":0},"end":{"line":44,"column":24}},"26":{"start":{"line":47,"column":0},"end":{"line":47,"column":53}},"27":{"start":{"line":48,"column":0},"end":{"line":48,"column":30}},"28":{"start":{"line":51,"column":19},"end":{"line":51,"column":55}},"29":{"start":{"line":52,"column":21},"end":{"line":52,"column":59}},"30":{"start":{"line":53,"column":20},"end":{"line":53,"column":57}},"31":{"start":{"line":54,"column":20},"end":{"line":54,"column":57}},"32":{"start":{"line":55,"column":23},"end":{"line":55,"column":63}},"33":{"start":{"line":56,"column":23},"end":{"line":56,"column":63}},"34":{"start":{"line":58,"column":0},"end":{"line":58,"column":32}},"35":{"start":{"line":59,"column":0},"end":{"line":59,"column":36}},"36":{"start":{"line":60,"column":0},"end":{"line":60,"column":35}},"37":{"start":{"line":61,"column":0},"end":{"line":61,"column":34}},"38":{"start":{"line":62,"column":0},"end":{"line":62,"column":40}},"39":{"start":{"line":63,"column":0},"end":{"line":63,"column":34}},"40":{"start":{"line":70,"column":20},"end":{"line":70,"column":55}},"41":{"start":{"line":72,"column":0},"end":{"line":76,"column":3}},"42":{"start":{"line":73,"column":15},"end":{"line":73,"column":46}},"43":{"start":{"line":74,"column":1},"end":{"line":74,"column":20}},"44":{"start":{"line":75,"column":1},"end":{"line":75,"column":13}},"45":{"start":{"line":78,"column":0},"end":{"line":80,"column":3}},"46":{"start":{"line":79,"column":1},"end":{"line":79,"column":25}},"47":{"start":{"line":85,"column":0},"end":{"line":85,"column":21}}},"fnMap":{"0":{"name":"(anonymous_0)","decl":{"start":{"line":23,"column":12},"end":{"line":23,"column":13}},"loc":{"start":{"line":23,"column":24},"end":{"line":39,"column":1}},"line":23},"1":{"name":"(anonymous_1)","decl":{"start":{"line":28,"column":18},"end":{"line":28,"column":19}},"loc":{"start":{"line":28,"column":24},"end":{"line":30,"column":4}},"line":28},"2":{"name":"(anonymous_2)","decl":{"start":{"line":31,"column":19},"end":{"line":31,"column":20}},"loc":{"start":{"line":31,"column":30},"end":{"line":33,"column":4}},"line":31},"3":{"name":"(anonymous_3)","decl":{"start":{"line":72,"column":8},"end":{"line":72,"column":9}},"loc":{"start":{"line":72,"column":28},"end":{"line":76,"column":1}},"line":72},"4":{"name":"(anonymous_4)","decl":{"start":{"line":78,"column":8},"end":{"line":78,"column":9}},"loc":{"start":{"line":78,"column":35},"end":{"line":80,"column":1}},"line":78}},"branchMap":{"0":{"loc":{"start":{"line":26,"column":2},"end":{"line":34,"column":3}},"type":"if","locations":[{"start":{"line":26,"column":2},"end":{"line":34,"column":3}},{"start":{},"end":{}}],"line":26}},"s":{"0":1,"1":1,"2":1,"3":1,"4":1,"5":1,"6":1,"7":1,"8":1,"9":1,"10":1,"11":1,"12":1,"13":1,"14":1,"15":1,"16":1,"17":1,"18":1,"19":0,"20":1,"21":0,"22":0,"23":0,"24":1,"25":1,"26":1,"27":1,"28":1,"29":1,"30":1,"31":1,"32":1,"33":1,"34":1,"35":1,"36":1,"37":1,"38":1,"39":1,"40":1,"41":1,"42":0,"43":0,"44":0,"45":1,"46":0,"47":1},"f":{"0":1,"1":0,"2":0,"3":0,"4":0},"b":{"0":[1,0]},"_coverageSchema":"1a1c01bbd47fc00a2c39e90264f33305004495a9","hash":"e0cbb28feab639cda11328f4cefe4bcf87c6fb95"}
,"/home/3h45k4r/Desktop/CRM-ticketing-system/client-api/src/controllers/authControllers.js": {"path":"/home/3h45k4r/Desktop/CRM-ticketing-system/client-api/src/controllers/authControllers.js","statementMap":{"0":{"start":{"line":4,"column":4},"end":{"line":4,"column":47}},"1":{"start":{"line":6,"column":42},"end":{"line":6,"column":77}},"2":{"start":{"line":11,"column":4},"end":{"line":11,"column":36}},"3":{"start":{"line":12,"column":23},"end":{"line":12,"column":67}},"4":{"start":{"line":14,"column":0},"end":{"line":54,"column":2}},"5":{"start":{"line":15,"column":1},"end":{"line":53,"column":2}},"6":{"start":{"line":16,"column":30},"end":{"line":16,"column":38}},"7":{"start":{"line":18,"column":2},"end":{"line":23,"column":3}},"8":{"start":{"line":19,"column":3},"end":{"line":22,"column":6}},"9":{"start":{"line":25,"column":17},"end":{"line":25,"column":60}},"10":{"start":{"line":26,"column":2},"end":{"line":31,"column":3}},"11":{"start":{"line":27,"column":3},"end":{"line":30,"column":6}},"12":{"start":{"line":33,"column":20},"end":{"line":36,"column":3}},"13":{"start":{"line":37,"column":21},"end":{"line":40,"column":3}},"14":{"start":{"line":41,"column":2},"end":{"line":44,"column":5}},"15":{"start":{"line":45,"column":2},"end":{"line":49,"column":5}},"16":{"start":{"line":51,"column":2},"end":{"line":51,"column":21}},"17":{"start":{"line":52,"column":2},"end":{"line":52,"column":26}},"18":{"start":{"line":56,"column":0},"end":{"line":74,"column":2}},"19":{"start":{"line":57,"column":56},"end":{"line":57,"column":64}},"20":{"start":{"line":59,"column":1},"end":{"line":73,"column":2}},"21":{"start":{"line":60,"column":17},"end":{"line":67,"column":3}},"22":{"start":{"line":68,"column":15},"end":{"line":68,"column":43}},"23":{"start":{"line":69,"column":2},"end":{"line":69,"column":69}},"24":{"start":{"line":71,"column":2},"end":{"line":71,"column":21}},"25":{"start":{"line":72,"column":2},"end":{"line":72,"column":56}}},"fnMap":{"0":{"name":"(anonymous_0)","decl":{"start":{"line":14,"column":37},"end":{"line":14,"column":38}},"loc":{"start":{"line":14,"column":57},"end":{"line":54,"column":1}},"line":14},"1":{"name":"(anonymous_1)","decl":{"start":{"line":56,"column":38},"end":{"line":56,"column":39}},"loc":{"start":{"line":56,"column":58},"end":{"line":74,"column":1}},"line":56}},"branchMap":{"0":{"loc":{"start":{"line":18,"column":2},"end":{"line":23,"column":3}},"type":"if","locations":[{"start":{"line":18,"column":2},"end":{"line":23,"column":3}},{"start":{},"end":{}}],"line":18},"1":{"loc":{"start":{"line":18,"column":6},"end":{"line":18,"column":25}},"type":"binary-expr","locations":[{"start":{"line":18,"column":6},"end":{"line":18,"column":12}},{"start":{"line":18,"column":16},"end":{"line":18,"column":25}}],"line":18},"2":{"loc":{"start":{"line":26,"column":2},"end":{"line":31,"column":3}},"type":"if","locations":[{"start":{"line":26,"column":2},"end":{"line":31,"column":3}},{"start":{},"end":{}}],"line":26}},"s":{"0":1,"1":1,"2":1,"3":1,"4":1,"5":0,"6":0,"7":0,"8":0,"9":0,"10":0,"11":0,"12":0,"13":0,"14":0,"15":0,"16":0,"17":0,"18":1,"19":0,"20":0,"21":0,"22":0,"23":0,"24":0,"25":0},"f":{"0":0,"1":0},"b":{"0":[0,0],"1":[0,0],"2":[0,0]},"_coverageSchema":"1a1c01bbd47fc00a2c39e90264f33305004495a9","hash":"86e363927394f910a83dc027f0f5a17e5323542d"}
,"/home/3h45k4r/Desktop/CRM-ticketing-system/client-api/src/helpers/bcrypt.helper.js": {"path":"/home/3h45k4r/Desktop/CRM-ticketing-system/client-api/src/helpers/bcrypt.helper.js","statementMap":{"0":{"start":{"line":1,"column":15},"end":{"line":1,"column":32}},"1":{"start":{"line":2,"column":19},"end":{"line":2,"column":21}},"2":{"start":{"line":4,"column":21},"end":{"line":8,"column":1}},"3":{"start":{"line":5,"column":1},"end":{"line":7,"column":4}},"4":{"start":{"line":6,"column":2},"end":{"line":6,"column":54}},"5":{"start":{"line":10,"column":24},"end":{"line":18,"column":1}},"6":{"start":{"line":11,"column":1},"end":{"line":17,"column":4}},"7":{"start":{"line":12,"column":2},"end":{"line":16,"column":5}},"8":{"start":{"line":13,"column":3},"end":{"line":13,"column":24}},"9":{"start":{"line":13,"column":12},"end":{"line":13,"column":24}},"10":{"start":{"line":15,"column":3},"end":{"line":15,"column":19}},"11":{"start":{"line":20,"column":0},"end":{"line":23,"column":2}}},"fnMap":{"0":{"name":"(anonymous_0)","decl":{"start":{"line":4,"column":21},"end":{"line":4,"column":22}},"loc":{"start":{"line":4,"column":40},"end":{"line":8,"column":1}},"line":4},"1":{"name":"(anonymous_1)","decl":{"start":{"line":5,"column":20},"end":{"line":5,"column":21}},"loc":{"start":{"line":5,"column":33},"end":{"line":7,"column":2}},"line":5},"2":{"name":"(anonymous_2)","decl":{"start":{"line":10,"column":24},"end":{"line":10,"column":25}},"loc":{"start":{"line":10,"column":51},"end":{"line":18,"column":1}},"line":10},"3":{"name":"(anonymous_3)","decl":{"start":{"line":11,"column":20},"end":{"line":11,"column":21}},"loc":{"start":{"line":11,"column":41},"end":{"line":17,"column":2}},"line":11},"4":{"name":"(anonymous_4)","decl":{"start":{"line":12,"column":40},"end":{"line":12,"column":41}},"loc":{"start":{"line":12,"column":63},"end":{"line":16,"column":3}},"line":12}},"branchMap":{"0":{"loc":{"start":{"line":13,"column":3},"end":{"line":13,"column":24}},"type":"if","locations":[{"start":{"line":13,"column":3},"end":{"line":13,"column":24}},{"start":{},"end":{}}],"line":13}},"s":{"0":1,"1":1,"2":1,"3":0,"4":0,"5":1,"6":0,"7":0,"8":0,"9":0,"10":0,"11":1},"f":{"0":0,"1":0,"2":0,"3":0,"4":0},"b":{"0":[0,0]},"_coverageSchema":"1a1c01bbd47fc00a2c39e90264f33305004495a9","hash":"e378d19c1c215439ae092d9e6ab2c782c889b5df"}
,"/home/3h45k4r/Desktop/CRM-ticketing-system/client-api/src/helpers/email.helper.js": {"path":"/home/3h45k4r/Desktop/CRM-ticketing-system/client-api/src/helpers/email.helper.js","statementMap":{"0":{"start":{"line":1,"column":19},"end":{"line":1,"column":40}},"1":{"start":{"line":3,"column":20},"end":{"line":11,"column":2}},"2":{"start":{"line":13,"column":13},"end":{"line":31,"column":1}},"3":{"start":{"line":14,"column":1},"end":{"line":30,"column":4}},"4":{"start":{"line":15,"column":2},"end":{"line":29,"column":3}},"5":{"start":{"line":17,"column":16},"end":{"line":17,"column":48}},"6":{"start":{"line":18,"column":3},"end":{"line":18,"column":53}},"7":{"start":{"line":23,"column":3},"end":{"line":23,"column":72}},"8":{"start":{"line":25,"column":3},"end":{"line":25,"column":19}},"9":{"start":{"line":27,"column":3},"end":{"line":27,"column":22}},"10":{"start":{"line":33,"column":23},"end":{"line":92,"column":1}},"11":{"start":{"line":35,"column":17},"end":{"line":35,"column":19}},"12":{"start":{"line":36,"column":1},"end":{"line":91,"column":2}},"13":{"start":{"line":38,"column":3},"end":{"line":50,"column":5}},"14":{"start":{"line":52,"column":3},"end":{"line":52,"column":19}},"15":{"start":{"line":53,"column":3},"end":{"line":53,"column":9}},"16":{"start":{"line":55,"column":3},"end":{"line":62,"column":5}},"17":{"start":{"line":63,"column":3},"end":{"line":63,"column":19}},"18":{"start":{"line":64,"column":3},"end":{"line":64,"column":9}},"19":{"start":{"line":66,"column":3},"end":{"line":74,"column":5}},"20":{"start":{"line":75,"column":3},"end":{"line":75,"column":19}},"21":{"start":{"line":76,"column":3},"end":{"line":76,"column":9}},"22":{"start":{"line":78,"column":3},"end":{"line":85,"column":5}},"23":{"start":{"line":86,"column":3},"end":{"line":86,"column":19}},"24":{"start":{"line":87,"column":3},"end":{"line":87,"column":9}},"25":{"start":{"line":90,"column":3},"end":{"line":90,"column":9}},"26":{"start":{"line":94,"column":0},"end":{"line":94,"column":36}}},"fnMap":{"0":{"name":"(anonymous_0)","decl":{"start":{"line":13,"column":13},"end":{"line":13,"column":14}},"loc":{"start":{"line":13,"column":23},"end":{"line":31,"column":1}},"line":13},"1":{"name":"(anonymous_1)","decl":{"start":{"line":14,"column":20},"end":{"line":14,"column":21}},"loc":{"start":{"line":14,"column":47},"end":{"line":30,"column":2}},"line":14},"2":{"name":"(anonymous_2)","decl":{"start":{"line":33,"column":23},"end":{"line":33,"column":24}},"loc":{"start":{"line":33,"column":72},"end":{"line":92,"column":1}},"line":33}},"branchMap":{"0":{"loc":{"start":{"line":33,"column":44},"end":{"line":33,"column":65}},"type":"default-arg","locations":[{"start":{"line":33,"column":63},"end":{"line":33,"column":65}}],"line":33},"1":{"loc":{"start":{"line":36,"column":1},"end":{"line":91,"column":2}},"type":"switch","locations":[{"start":{"line":37,"column":2},"end":{"line":53,"column":9}},{"start":{"line":54,"column":2},"end":{"line":64,"column":9}},{"start":{"line":65,"column":2},"end":{"line":76,"column":9}},{"start":{"line":77,"column":2},"end":{"line":87,"column":9}},{"start":{"line":89,"column":2},"end":{"line":90,"column":9}}],"line":36}},"s":{"0":1,"1":1,"2":1,"3":0,"4":0,"5":0,"6":0,"7":0,"8":0,"9":0,"10":1,"11":0,"12":0,"13":0,"14":0,"15":0,"16":0,"17":0,"18":0,"19":0,"20":0,"21":0,"22":0,"23":0,"24":0,"25":0,"26":1},"f":{"0":0,"1":0,"2":0},"b":{"0":[0],"1":[0,0,0,0,0]},"_coverageSchema":"1a1c01bbd47fc00a2c39e90264f33305004495a9","hash":"cf9bef59480e1cca9689183a94885fc015efa0fa"}
,"/home/3h45k4r/Desktop/CRM-ticketing-system/client-api/src/helpers/jwt.helper.js": {"path":"/home/3h45k4r/Desktop/CRM-ticketing-system/client-api/src/helpers/jwt.helper.js","statementMap":{"0":{"start":{"line":1,"column":12},"end":{"line":1,"column":35}},"1":{"start":{"line":2,"column":19},"end":{"line":2,"column":44}},"2":{"start":{"line":3,"column":32},"end":{"line":3,"column":67}},"3":{"start":{"line":4,"column":33},"end":{"line":4,"column":70}},"4":{"start":{"line":5,"column":31},"end":{"line":5,"column":74}},"5":{"start":{"line":7,"column":24},"end":{"line":17,"column":1}},"6":{"start":{"line":8,"column":1},"end":{"line":16,"column":2}},"7":{"start":{"line":9,"column":20},"end":{"line":11,"column":4}},"8":{"start":{"line":12,"column":2},"end":{"line":12,"column":31}},"9":{"start":{"line":13,"column":2},"end":{"line":13,"column":36}},"10":{"start":{"line":15,"column":2},"end":{"line":15,"column":31}},"11":{"start":{"line":19,"column":25},"end":{"line":30,"column":1}},"12":{"start":{"line":20,"column":1},"end":{"line":29,"column":2}},"13":{"start":{"line":21,"column":21},"end":{"line":23,"column":4}},"14":{"start":{"line":24,"column":2},"end":{"line":24,"column":45}},"15":{"start":{"line":25,"column":2},"end":{"line":25,"column":37}},"16":{"start":{"line":27,"column":2},"end":{"line":27,"column":21}},"17":{"start":{"line":28,"column":2},"end":{"line":28,"column":31}},"18":{"start":{"line":32,"column":31},"end":{"line":43,"column":1}},"19":{"start":{"line":33,"column":1},"end":{"line":42,"column":2}},"20":{"start":{"line":34,"column":21},"end":{"line":36,"column":4}},"21":{"start":{"line":37,"column":2},"end":{"line":37,"column":46}},"22":{"start":{"line":38,"column":2},"end":{"line":38,"column":37}},"23":{"start":{"line":40,"column":2},"end":{"line":40,"column":21}},"24":{"start":{"line":41,"column":2},"end":{"line":41,"column":31}},"25":{"start":{"line":45,"column":34},"end":{"line":56,"column":1}},"26":{"start":{"line":46,"column":1},"end":{"line":55,"column":2}},"27":{"start":{"line":47,"column":21},"end":{"line":49,"column":4}},"28":{"start":{"line":50,"column":2},"end":{"line":50,"column":44}},"29":{"start":{"line":51,"column":2},"end":{"line":51,"column":37}},"30":{"start":{"line":53,"column":2},"end":{"line":53,"column":21}},"31":{"start":{"line":54,"column":2},"end":{"line":54,"column":31}},"32":{"start":{"line":58,"column":24},"end":{"line":64,"column":1}},"33":{"start":{"line":59,"column":1},"end":{"line":63,"column":2}},"34":{"start":{"line":60,"column":2},"end":{"line":60,"column":77}},"35":{"start":{"line":62,"column":2},"end":{"line":62,"column":31}},"36":{"start":{"line":66,"column":25},"end":{"line":72,"column":1}},"37":{"start":{"line":67,"column":1},"end":{"line":71,"column":2}},"38":{"start":{"line":68,"column":2},"end":{"line":68,"column":78}},"39":{"start":{"line":70,"column":2},"end":{"line":70,"column":32}},"40":{"start":{"line":74,"column":0},"end":{"line":81,"column":2}}},"fnMap":{"0":{"name":"(anonymous_0)","decl":{"start":{"line":7,"column":24},"end":{"line":7,"column":25}},"loc":{"start":{"line":7,"column":46},"end":{"line":17,"column":1}},"line":7},"1":{"name":"(anonymous_1)","decl":{"start":{"line":19,"column":25},"end":{"line":19,"column":26}},"loc":{"start":{"line":19,"column":47},"end":{"line":30,"column":1}},"line":19},"2":{"name":"(anonymous_2)","decl":{"start":{"line":32,"column":31},"end":{"line":32,"column":32}},"loc":{"start":{"line":32,"column":53},"end":{"line":43,"column":1}},"line":32},"3":{"name":"(anonymous_3)","decl":{"start":{"line":45,"column":34},"end":{"line":45,"column":35}},"loc":{"start":{"line":45,"column":56},"end":{"line":56,"column":1}},"line":45},"4":{"name":"(anonymous_4)","decl":{"start":{"line":58,"column":24},"end":{"line":58,"column":25}},"loc":{"start":{"line":58,"column":37},"end":{"line":64,"column":1}},"line":58},"5":{"name":"(anonymous_5)","decl":{"start":{"line":66,"column":25},"end":{"line":66,"column":26}},"loc":{"start":{"line":66,"column":38},"end":{"line":72,"column":1}},"line":66}},"branchMap":{},"s":{"0":1,"1":1,"2":1,"3":1,"4":1,"5":1,"6":0,"7":0,"8":0,"9":0,"10":0,"11":1,"12":0,"13":0,"14":0,"15":0,"16":0,"17":0,"18":1,"19":0,"20":0,"21":0,"22":0,"23":0,"24":0,"25":1,"26":0,"27":0,"28":0,"29":0,"30":0,"31":0,"32":1,"33":0,"34":0,"35":0,"36":1,"37":0,"38":0,"39":0,"40":1},"f":{"0":0,"1":0,"2":0,"3":0,"4":0,"5":0},"b":{},"_coverageSchema":"1a1c01bbd47fc00a2c39e90264f33305004495a9","hash":"73c4d7b5095bd05c10fdc52338450eb5786b9f50"}
,"/home/3h45k4r/Desktop/CRM-ticketing-system/client-api/src/helpers/redis.helper.js": {"path":"/home/3h45k4r/Desktop/CRM-ticketing-system/client-api/src/helpers/redis.helper.js","statementMap":{"0":{"start":{"line":1,"column":14},"end":{"line":1,"column":30}},"1":{"start":{"line":3,"column":22},"end":{"line":3,"column":44}},"2":{"start":{"line":4,"column":15},"end":{"line":6,"column":2}},"3":{"start":{"line":8,"column":0},"end":{"line":10,"column":3}},"4":{"start":{"line":9,"column":1},"end":{"line":9,"column":20}},"5":{"start":{"line":18,"column":15},"end":{"line":29,"column":1}},"6":{"start":{"line":19,"column":1},"end":{"line":28,"column":4}},"7":{"start":{"line":20,"column":2},"end":{"line":27,"column":3}},"8":{"start":{"line":21,"column":3},"end":{"line":24,"column":6}},"9":{"start":{"line":22,"column":4},"end":{"line":22,"column":25}},"10":{"start":{"line":22,"column":13},"end":{"line":22,"column":25}},"11":{"start":{"line":23,"column":4},"end":{"line":23,"column":17}},"12":{"start":{"line":26,"column":3},"end":{"line":26,"column":17}},"13":{"start":{"line":31,"column":15},"end":{"line":42,"column":1}},"14":{"start":{"line":32,"column":1},"end":{"line":41,"column":4}},"15":{"start":{"line":33,"column":2},"end":{"line":40,"column":3}},"16":{"start":{"line":34,"column":3},"end":{"line":37,"column":6}},"17":{"start":{"line":35,"column":4},"end":{"line":35,"column":25}},"18":{"start":{"line":35,"column":13},"end":{"line":35,"column":25}},"19":{"start":{"line":36,"column":4},"end":{"line":36,"column":17}},"20":{"start":{"line":39,"column":3},"end":{"line":39,"column":15}},"21":{"start":{"line":44,"column":18},"end":{"line":50,"column":1}},"22":{"start":{"line":45,"column":1},"end":{"line":49,"column":2}},"23":{"start":{"line":46,"column":2},"end":{"line":46,"column":18}},"24":{"start":{"line":48,"column":2},"end":{"line":48,"column":21}},"25":{"start":{"line":52,"column":0},"end":{"line":57,"column":2}}},"fnMap":{"0":{"name":"(anonymous_0)","decl":{"start":{"line":8,"column":19},"end":{"line":8,"column":20}},"loc":{"start":{"line":8,"column":28},"end":{"line":10,"column":1}},"line":8},"1":{"name":"(anonymous_1)","decl":{"start":{"line":18,"column":15},"end":{"line":18,"column":16}},"loc":{"start":{"line":18,"column":31},"end":{"line":29,"column":1}},"line":18},"2":{"name":"(anonymous_2)","decl":{"start":{"line":19,"column":20},"end":{"line":19,"column":21}},"loc":{"start":{"line":19,"column":41},"end":{"line":28,"column":2}},"line":19},"3":{"name":"(anonymous_3)","decl":{"start":{"line":21,"column":26},"end":{"line":21,"column":27}},"loc":{"start":{"line":21,"column":40},"end":{"line":24,"column":4}},"line":21},"4":{"name":"(anonymous_4)","decl":{"start":{"line":31,"column":15},"end":{"line":31,"column":16}},"loc":{"start":{"line":31,"column":24},"end":{"line":42,"column":1}},"line":31},"5":{"name":"(anonymous_5)","decl":{"start":{"line":32,"column":20},"end":{"line":32,"column":21}},"loc":{"start":{"line":32,"column":41},"end":{"line":41,"column":2}},"line":32},"6":{"name":"(anonymous_6)","decl":{"start":{"line":34,"column":19},"end":{"line":34,"column":20}},"loc":{"start":{"line":34,"column":33},"end":{"line":37,"column":4}},"line":34},"7":{"name":"(anonymous_7)","decl":{"start":{"line":44,"column":18},"end":{"line":44,"column":19}},"loc":{"start":{"line":44,"column":27},"end":{"line":50,"column":1}},"line":44}},"branchMap":{"0":{"loc":{"start":{"line":22,"column":4},"end":{"line":22,"column":25}},"type":"if","locations":[{"start":{"line":22,"column":4},"end":{"line":22,"column":25}},{"start":{},"end":{}}],"line":22},"1":{"loc":{"start":{"line":35,"column":4},"end":{"line":35,"column":25}},"type":"if","locations":[{"start":{"line":35,"column":4},"end":{"line":35,"column":25}},{"start":{},"end":{}}],"line":35}},"s":{"0":1,"1":1,"2":1,"3":1,"4":0,"5":1,"6":1,"7":1,"8":1,"9":1,"10":0,"11":1,"12":0,"13":1,"14":0,"15":0,"16":0,"17":0,"18":0,"19":0,"20":0,"21":1,"22":0,"23":0,"24":0,"25":1},"f":{"0":0,"1":1,"2":1,"3":1,"4":0,"5":0,"6":0,"7":0},"b":{"0":[0,1],"1":[0,0]},"_coverageSchema":"1a1c01bbd47fc00a2c39e90264f33305004495a9","hash":"fffd40ae5a6f66a53721116bf25f6f1a2849bafe"}
,"/home/3h45k4r/Desktop/CRM-ticketing-system/client-api/src/middleware/Authorization.middleware.js": {"path":"/home/3h45k4r/Desktop/CRM-ticketing-system/client-api/src/middleware/Authorization.middleware.js","statementMap":{"0":{"start":{"line":1,"column":28},"end":{"line":1,"column":60}},"1":{"start":{"line":2,"column":30},"end":{"line":2,"column":64}},"2":{"start":{"line":3,"column":25},"end":{"line":3,"column":62}},"3":{"start":{"line":4,"column":23},"end":{"line":4,"column":66}},"4":{"start":{"line":5,"column":24},"end":{"line":5,"column":59}},"5":{"start":{"line":9,"column":26},"end":{"line":33,"column":1}},"6":{"start":{"line":10,"column":27},"end":{"line":10,"column":38}},"7":{"start":{"line":12,"column":17},"end":{"line":12,"column":53}},"8":{"start":{"line":14,"column":1},"end":{"line":17,"column":2}},"9":{"start":{"line":15,"column":2},"end":{"line":15,"column":27}},"10":{"start":{"line":16,"column":2},"end":{"line":16,"column":77}},"11":{"start":{"line":19,"column":22},"end":{"line":19,"column":49}},"12":{"start":{"line":21,"column":1},"end":{"line":25,"column":2}},"13":{"start":{"line":22,"column":2},"end":{"line":24,"column":61}},"14":{"start":{"line":27,"column":18},"end":{"line":27,"column":49}},"15":{"start":{"line":28,"column":1},"end":{"line":30,"column":2}},"16":{"start":{"line":29,"column":2},"end":{"line":29,"column":66}},"17":{"start":{"line":31,"column":1},"end":{"line":31,"column":25}},"18":{"start":{"line":32,"column":1},"end":{"line":32,"column":8}},"19":{"start":{"line":36,"column":30},"end":{"line":73,"column":1}},"20":{"start":{"line":37,"column":23},"end":{"line":37,"column":44}},"21":{"start":{"line":39,"column":1},"end":{"line":72,"column":2}},"22":{"start":{"line":40,"column":2},"end":{"line":42,"column":3}},"23":{"start":{"line":41,"column":3},"end":{"line":41,"column":45}},"24":{"start":{"line":43,"column":18},"end":{"line":43,"column":54}},"25":{"start":{"line":44,"column":2},"end":{"line":51,"column":3}},"26":{"start":{"line":45,"column":3},"end":{"line":45,"column":28}},"27":{"start":{"line":46,"column":3},"end":{"line":46,"column":26}},"28":{"start":{"line":47,"column":3},"end":{"line":50,"column":6}},"29":{"start":{"line":53,"column":23},"end":{"line":53,"column":50}},"30":{"start":{"line":54,"column":2},"end":{"line":60,"column":3}},"31":{"start":{"line":55,"column":3},"end":{"line":55,"column":26}},"32":{"start":{"line":56,"column":3},"end":{"line":59,"column":6}},"33":{"start":{"line":62,"column":16},"end":{"line":62,"column":46}},"34":{"start":{"line":63,"column":2},"end":{"line":66,"column":3}},"35":{"start":{"line":64,"column":3},"end":{"line":64,"column":26}},"36":{"start":{"line":65,"column":3},"end":{"line":65,"column":71}},"37":{"start":{"line":67,"column":2},"end":{"line":67,"column":26}},"38":{"start":{"line":68,"column":2},"end":{"line":68,"column":20}},"39":{"start":{"line":69,"column":2},"end":{"line":69,"column":9}},"40":{"start":{"line":71,"column":2},"end":{"line":71,"column":21}},"41":{"start":{"line":77,"column":27},"end":{"line":103,"column":1}},"42":{"start":{"line":78,"column":27},"end":{"line":78,"column":38}},"43":{"start":{"line":80,"column":17},"end":{"line":80,"column":53}},"44":{"start":{"line":81,"column":1},"end":{"line":86,"column":2}},"45":{"start":{"line":82,"column":2},"end":{"line":82,"column":27}},"46":{"start":{"line":83,"column":2},"end":{"line":85,"column":59}},"47":{"start":{"line":88,"column":22},"end":{"line":88,"column":49}},"48":{"start":{"line":89,"column":1},"end":{"line":91,"column":2}},"49":{"start":{"line":90,"column":2},"end":{"line":90,"column":56}},"50":{"start":{"line":93,"column":17},"end":{"line":93,"column":49}},"51":{"start":{"line":95,"column":1},"end":{"line":99,"column":2}},"52":{"start":{"line":96,"column":2},"end":{"line":98,"column":58}},"53":{"start":{"line":101,"column":1},"end":{"line":101,"column":23}},"54":{"start":{"line":102,"column":1},"end":{"line":102,"column":8}},"55":{"start":{"line":105,"column":0},"end":{"line":109,"column":2}}},"fnMap":{"0":{"name":"(anonymous_0)","decl":{"start":{"line":9,"column":26},"end":{"line":9,"column":27}},"loc":{"start":{"line":9,"column":52},"end":{"line":33,"column":1}},"line":9},"1":{"name":"(anonymous_1)","decl":{"start":{"line":36,"column":30},"end":{"line":36,"column":31}},"loc":{"start":{"line":36,"column":56},"end":{"line":73,"column":1}},"line":36},"2":{"name":"(anonymous_2)","decl":{"start":{"line":77,"column":27},"end":{"line":77,"column":28}},"loc":{"start":{"line":77,"column":53},"end":{"line":103,"column":1}},"line":77}},"branchMap":{"0":{"loc":{"start":{"line":14,"column":1},"end":{"line":17,"column":2}},"type":"if","locations":[{"start":{"line":14,"column":1},"end":{"line":17,"column":2}},{"start":{},"end":{}}],"line":14},"1":{"loc":{"start":{"line":14,"column":5},"end":{"line":14,"column":31}},"type":"binary-expr","locations":[{"start":{"line":14,"column":5},"end":{"line":14,"column":13}},{"start":{"line":14,"column":17},"end":{"line":14,"column":31}}],"line":14},"2":{"loc":{"start":{"line":21,"column":1},"end":{"line":25,"column":2}},"type":"if","locations":[{"start":{"line":21,"column":1},"end":{"line":25,"column":2}},{"start":{},"end":{}}],"line":21},"3":{"loc":{"start":{"line":28,"column":1},"end":{"line":30,"column":2}},"type":"if","locations":[{"start":{"line":28,"column":1},"end":{"line":30,"column":2}},{"start":{},"end":{}}],"line":28},"4":{"loc":{"start":{"line":40,"column":2},"end":{"line":42,"column":3}},"type":"if","locations":[{"start":{"line":40,"column":2},"end":{"line":42,"column":3}},{"start":{},"end":{}}],"line":40},"5":{"loc":{"start":{"line":44,"column":2},"end":{"line":51,"column":3}},"type":"if","locations":[{"start":{"line":44,"column":2},"end":{"line":51,"column":3}},{"start":{},"end":{}}],"line":44},"6":{"loc":{"start":{"line":44,"column":6},"end":{"line":44,"column":32}},"type":"binary-expr","locations":[{"start":{"line":44,"column":6},"end":{"line":44,"column":14}},{"start":{"line":44,"column":18},"end":{"line":44,"column":32}}],"line":44},"7":{"loc":{"start":{"line":54,"column":2},"end":{"line":60,"column":3}},"type":"if","locations":[{"start":{"line":54,"column":2},"end":{"line":60,"column":3}},{"start":{},"end":{}}],"line":54},"8":{"loc":{"start":{"line":63,"column":2},"end":{"line":66,"column":3}},"type":"if","locations":[{"start":{"line":63,"column":2},"end":{"line":66,"column":3}},{"start":{},"end":{}}],"line":63},"9":{"loc":{"start":{"line":81,"column":1},"end":{"line":86,"column":2}},"type":"if","locations":[{"start":{"line":81,"column":1},"end":{"line":86,"column":2}},{"start":{},"end":{}}],"line":81},"10":{"loc":{"start":{"line":89,"column":1},"end":{"line":91,"column":2}},"type":"if","locations":[{"start":{"line":89,"column":1},"end":{"line":91,"column":2}},{"start":{},"end":{}}],"line":89},"11":{"loc":{"start":{"line":95,"column":1},"end":{"line":99,"column":2}},"type":"if","locations":[{"start":{"line":95,"column":1},"end":{"line":99,"column":2}},{"start":{},"end":{}}],"line":95}},"s":{"0":1,"1":1,"2":1,"3":1,"4":1,"5":1,"6":0,"7":0,"8":0,"9":0,"10":0,"11":0,"12":0,"13":0,"14":0,"15":0,"16":0,"17":0,"18":0,"19":1,"20":0,"21":0,"22":0,"23":0,"24":0,"25":0,"26":0,"27":0,"28":0,"29":0,"30":0,"31":0,"32":0,"33":0,"34":0,"35":0,"36":0,"37":0,"38":0,"39":0,"40":0,"41":1,"42":0,"43":0,"44":0,"45":0,"46":0,"47":0,"48":0,"49":0,"50":0,"51":0,"52":0,"53":0,"54":0,"55":1},"f":{"0":0,"1":0,"2":0},"b":{"0":[0,0],"1":[0,0],"2":[0,0],"3":[0,0],"4":[0,0],"5":[0,0],"6":[0,0],"7":[0,0],"8":[0,0],"9":[0,0],"10":[0,0],"11":[0,0]},"_coverageSchema":"1a1c01bbd47fc00a2c39e90264f33305004495a9","hash":"dc71ffc951b3aa6a1db9c17deef4491c066b224b"}
,"/home/3h45k4r/Desktop/CRM-ticketing-system/client-api/src/middleware/formValidation.middleware.js": {"path":"/home/3h45k4r/Desktop/CRM-ticketing-system/client-api/src/middleware/formValidation.middleware.js","statementMap":{"0":{"start":{"line":1,"column":12},"end":{"line":1,"column":26}},"1":{"start":{"line":3,"column":14},"end":{"line":8,"column":12}},"2":{"start":{"line":9,"column":12},"end":{"line":9,"column":58}},"3":{"start":{"line":10,"column":14},"end":{"line":10,"column":69}},"4":{"start":{"line":11,"column":20},"end":{"line":11,"column":58}},"5":{"start":{"line":12,"column":17},"end":{"line":12,"column":44}},"6":{"start":{"line":13,"column":16},"end":{"line":13,"column":45}},"7":{"start":{"line":14,"column":13},"end":{"line":14,"column":23}},"8":{"start":{"line":16,"column":29},"end":{"line":32,"column":1}},"9":{"start":{"line":18,"column":16},"end":{"line":25,"column":3}},"10":{"start":{"line":27,"column":15},"end":{"line":27,"column":40}},"11":{"start":{"line":28,"column":1},"end":{"line":30,"column":2}},"12":{"start":{"line":29,"column":2},"end":{"line":29,"column":69}},"13":{"start":{"line":31,"column":1},"end":{"line":31,"column":8}},"14":{"start":{"line":34,"column":24},"end":{"line":43,"column":1}},"15":{"start":{"line":36,"column":16},"end":{"line":36,"column":37}},"16":{"start":{"line":38,"column":15},"end":{"line":38,"column":40}},"17":{"start":{"line":39,"column":1},"end":{"line":41,"column":2}},"18":{"start":{"line":40,"column":2},"end":{"line":40,"column":69}},"19":{"start":{"line":42,"column":1},"end":{"line":42,"column":8}},"20":{"start":{"line":45,"column":32},"end":{"line":57,"column":1}},"21":{"start":{"line":47,"column":16},"end":{"line":51,"column":3}},"22":{"start":{"line":52,"column":15},"end":{"line":52,"column":40}},"23":{"start":{"line":53,"column":1},"end":{"line":55,"column":2}},"24":{"start":{"line":54,"column":2},"end":{"line":54,"column":69}},"25":{"start":{"line":56,"column":1},"end":{"line":56,"column":8}},"26":{"start":{"line":59,"column":34},"end":{"line":71,"column":1}},"27":{"start":{"line":60,"column":16},"end":{"line":64,"column":3}},"28":{"start":{"line":65,"column":1},"end":{"line":65,"column":23}},"29":{"start":{"line":66,"column":15},"end":{"line":66,"column":40}},"30":{"start":{"line":67,"column":1},"end":{"line":69,"column":2}},"31":{"start":{"line":68,"column":2},"end":{"line":68,"column":69}},"32":{"start":{"line":70,"column":1},"end":{"line":70,"column":8}},"33":{"start":{"line":73,"column":37},"end":{"line":83,"column":1}},"34":{"start":{"line":74,"column":16},"end":{"line":77,"column":3}},"35":{"start":{"line":78,"column":15},"end":{"line":78,"column":40}},"36":{"start":{"line":79,"column":1},"end":{"line":81,"column":2}},"37":{"start":{"line":80,"column":2},"end":{"line":80,"column":69}},"38":{"start":{"line":82,"column":1},"end":{"line":82,"column":8}},"39":{"start":{"line":87,"column":30},"end":{"line":101,"column":1}},"40":{"start":{"line":88,"column":16},"end":{"line":95,"column":3}},"41":{"start":{"line":96,"column":15},"end":{"line":96,"column":40}},"42":{"start":{"line":97,"column":1},"end":{"line":99,"column":2}},"43":{"start":{"line":98,"column":2},"end":{"line":98,"column":69}},"44":{"start":{"line":100,"column":1},"end":{"line":100,"column":8}},"45":{"start":{"line":103,"column":49},"end":{"line":113,"column":1}},"46":{"start":{"line":104,"column":16},"end":{"line":107,"column":3}},"47":{"start":{"line":108,"column":15},"end":{"line":108,"column":40}},"48":{"start":{"line":109,"column":1},"end":{"line":111,"column":2}},"49":{"start":{"line":110,"column":2},"end":{"line":110,"column":69}},"50":{"start":{"line":112,"column":1},"end":{"line":112,"column":8}},"51":{"start":{"line":115,"column":0},"end":{"line":123,"column":2}}},"fnMap":{"0":{"name":"(anonymous_0)","decl":{"start":{"line":16,"column":29},"end":{"line":16,"column":30}},"loc":{"start":{"line":16,"column":49},"end":{"line":32,"column":1}},"line":16},"1":{"name":"(anonymous_1)","decl":{"start":{"line":34,"column":24},"end":{"line":34,"column":25}},"loc":{"start":{"line":34,"column":44},"end":{"line":43,"column":1}},"line":34},"2":{"name":"(anonymous_2)","decl":{"start":{"line":45,"column":32},"end":{"line":45,"column":33}},"loc":{"start":{"line":45,"column":52},"end":{"line":57,"column":1}},"line":45},"3":{"name":"(anonymous_3)","decl":{"start":{"line":59,"column":34},"end":{"line":59,"column":35}},"loc":{"start":{"line":59,"column":54},"end":{"line":71,"column":1}},"line":59},"4":{"name":"(anonymous_4)","decl":{"start":{"line":73,"column":37},"end":{"line":73,"column":38}},"loc":{"start":{"line":73,"column":57},"end":{"line":83,"column":1}},"line":73},"5":{"name":"(anonymous_5)","decl":{"start":{"line":87,"column":30},"end":{"line":87,"column":31}},"loc":{"start":{"line":87,"column":50},"end":{"line":101,"column":1}},"line":87},"6":{"name":"(anonymous_6)","decl":{"start":{"line":103,"column":49},"end":{"line":103,"column":50}},"loc":{"start":{"line":103,"column":69},"end":{"line":113,"column":1}},"line":103}},"branchMap":{"0":{"loc":{"start":{"line":28,"column":1},"end":{"line":30,"column":2}},"type":"if","locations":[{"start":{"line":28,"column":1},"end":{"line":30,"column":2}},{"start":{},"end":{}}],"line":28},"1":{"loc":{"start":{"line":39,"column":1},"end":{"line":41,"column":2}},"type":"if","locations":[{"start":{"line":39,"column":1},"end":{"line":41,"column":2}},{"start":{},"end":{}}],"line":39},"2":{"loc":{"start":{"line":53,"column":1},"end":{"line":55,"column":2}},"type":"if","locations":[{"start":{"line":53,"column":1},"end":{"line":55,"column":2}},{"start":{},"end":{}}],"line":53},"3":{"loc":{"start":{"line":67,"column":1},"end":{"line":69,"column":2}},"type":"if","locations":[{"start":{"line":67,"column":1},"end":{"line":69,"column":2}},{"start":{},"end":{}}],"line":67},"4":{"loc":{"start":{"line":79,"column":1},"end":{"line":81,"column":2}},"type":"if","locations":[{"start":{"line":79,"column":1},"end":{"line":81,"column":2}},{"start":{},"end":{}}],"line":79},"5":{"loc":{"start":{"line":97,"column":1},"end":{"line":99,"column":2}},"type":"if","locations":[{"start":{"line":97,"column":1},"end":{"line":99,"column":2}},{"start":{},"end":{}}],"line":97},"6":{"loc":{"start":{"line":109,"column":1},"end":{"line":111,"column":2}},"type":"if","locations":[{"start":{"line":109,"column":1},"end":{"line":111,"column":2}},{"start":{},"end":{}}],"line":109}},"s":{"0":1,"1":1,"2":1,"3":1,"4":1,"5":1,"6":1,"7":1,"8":1,"9":0,"10":0,"11":0,"12":0,"13":0,"14":1,"15":0,"16":0,"17":0,"18":0,"19":0,"20":1,"21":0,"22":0,"23":0,"24":0,"25":0,"26":1,"27":0,"28":0,"29":0,"30":0,"31":0,"32":0,"33":1,"34":0,"35":0,"36":0,"37":0,"38":0,"39":1,"40":0,"41":0,"42":0,"43":0,"44":0,"45":1,"46":0,"47":0,"48":0,"49":0,"50":0,"51":1},"f":{"0":0,"1":0,"2":0,"3":0,"4":0,"5":0,"6":0},"b":{"0":[0,0],"1":[0,0],"2":[0,0],"3":[0,0],"4":[0,0],"5":[0,0],"6":[0,0]},"_coverageSchema":"1a1c01bbd47fc00a2c39e90264f33305004495a9","hash":"c86a8717bf0eab25199dc27c927ffcd274b93118"}
,"/home/3h45k4r/Desktop/CRM-ticketing-system/client-api/src/model/admin/Admin.model.js": {"path":"/home/3h45k4r/Desktop/CRM-ticketing-system/client-api/src/model/admin/Admin.model.js","statementMap":{"0":{"start":{"line":1,"column":20},"end":{"line":1,"column":45}},"1":{"start":{"line":3,"column":20},"end":{"line":10,"column":1}},"2":{"start":{"line":4,"column":1},"end":{"line":9,"column":4}},"3":{"start":{"line":5,"column":2},"end":{"line":8,"column":36}},"4":{"start":{"line":7,"column":19},"end":{"line":7,"column":32}},"5":{"start":{"line":8,"column":21},"end":{"line":8,"column":34}},"6":{"start":{"line":12,"column":26},"end":{"line":30,"column":1}},"7":{"start":{"line":13,"column":1},"end":{"line":29,"column":4}},"8":{"start":{"line":14,"column":2},"end":{"line":14,"column":27}},"9":{"start":{"line":14,"column":14},"end":{"line":14,"column":27}},"10":{"start":{"line":16,"column":2},"end":{"line":28,"column":3}},"11":{"start":{"line":17,"column":3},"end":{"line":24,"column":6}},"12":{"start":{"line":18,"column":4},"end":{"line":21,"column":5}},"13":{"start":{"line":19,"column":5},"end":{"line":19,"column":24}},"14":{"start":{"line":20,"column":5},"end":{"line":20,"column":19}},"15":{"start":{"line":23,"column":4},"end":{"line":23,"column":18}},"16":{"start":{"line":26,"column":3},"end":{"line":26,"column":22}},"17":{"start":{"line":27,"column":3},"end":{"line":27,"column":17}},"18":{"start":{"line":32,"column":21},"end":{"line":48,"column":1}},"19":{"start":{"line":33,"column":1},"end":{"line":47,"column":4}},"20":{"start":{"line":34,"column":2},"end":{"line":34,"column":25}},"21":{"start":{"line":34,"column":12},"end":{"line":34,"column":25}},"22":{"start":{"line":36,"column":2},"end":{"line":46,"column":3}},"23":{"start":{"line":37,"column":3},"end":{"line":43,"column":6}},"24":{"start":{"line":38,"column":4},"end":{"line":41,"column":5}},"25":{"start":{"line":39,"column":5},"end":{"line":39,"column":24}},"26":{"start":{"line":40,"column":5},"end":{"line":40,"column":19}},"27":{"start":{"line":42,"column":4},"end":{"line":42,"column":18}},"28":{"start":{"line":45,"column":3},"end":{"line":45,"column":17}},"29":{"start":{"line":50,"column":29},"end":{"line":70,"column":1}},"30":{"start":{"line":51,"column":1},"end":{"line":69,"column":4}},"31":{"start":{"line":52,"column":2},"end":{"line":68,"column":3}},"32":{"start":{"line":53,"column":3},"end":{"line":64,"column":7}},"33":{"start":{"line":60,"column":20},"end":{"line":60,"column":33}},"34":{"start":{"line":62,"column":5},"end":{"line":62,"column":24}},"35":{"start":{"line":63,"column":5},"end":{"line":63,"column":19}},"36":{"start":{"line":66,"column":3},"end":{"line":66,"column":22}},"37":{"start":{"line":67,"column":3},"end":{"line":67,"column":17}},"38":{"start":{"line":72,"column":0},"end":{"line":77,"column":2}}},"fnMap":{"0":{"name":"(anonymous_0)","decl":{"start":{"line":3,"column":20},"end":{"line":3,"column":21}},"loc":{"start":{"line":3,"column":34},"end":{"line":10,"column":1}},"line":3},"1":{"name":"(anonymous_1)","decl":{"start":{"line":4,"column":20},"end":{"line":4,"column":21}},"loc":{"start":{"line":4,"column":41},"end":{"line":9,"column":2}},"line":4},"2":{"name":"(anonymous_2)","decl":{"start":{"line":7,"column":9},"end":{"line":7,"column":10}},"loc":{"start":{"line":7,"column":19},"end":{"line":7,"column":32}},"line":7},"3":{"name":"(anonymous_3)","decl":{"start":{"line":8,"column":10},"end":{"line":8,"column":11}},"loc":{"start":{"line":8,"column":21},"end":{"line":8,"column":34}},"line":8},"4":{"name":"(anonymous_4)","decl":{"start":{"line":12,"column":26},"end":{"line":12,"column":27}},"loc":{"start":{"line":12,"column":37},"end":{"line":30,"column":1}},"line":12},"5":{"name":"(anonymous_5)","decl":{"start":{"line":13,"column":20},"end":{"line":13,"column":21}},"loc":{"start":{"line":13,"column":41},"end":{"line":29,"column":2}},"line":13},"6":{"name":"(anonymous_6)","decl":{"start":{"line":17,"column":34},"end":{"line":17,"column":35}},"loc":{"start":{"line":17,"column":51},"end":{"line":24,"column":4}},"line":17},"7":{"name":"(anonymous_7)","decl":{"start":{"line":32,"column":21},"end":{"line":32,"column":22}},"loc":{"start":{"line":32,"column":30},"end":{"line":48,"column":1}},"line":32},"8":{"name":"(anonymous_8)","decl":{"start":{"line":33,"column":20},"end":{"line":33,"column":21}},"loc":{"start":{"line":33,"column":41},"end":{"line":47,"column":2}},"line":33},"9":{"name":"(anonymous_9)","decl":{"start":{"line":37,"column":29},"end":{"line":37,"column":30}},"loc":{"start":{"line":37,"column":46},"end":{"line":43,"column":4}},"line":37},"10":{"name":"(anonymous_10)","decl":{"start":{"line":50,"column":29},"end":{"line":50,"column":30}},"loc":{"start":{"line":50,"column":45},"end":{"line":70,"column":1}},"line":50},"11":{"name":"(anonymous_11)","decl":{"start":{"line":51,"column":20},"end":{"line":51,"column":21}},"loc":{"start":{"line":51,"column":41},"end":{"line":69,"column":2}},"line":51},"12":{"name":"(anonymous_12)","decl":{"start":{"line":60,"column":10},"end":{"line":60,"column":11}},"loc":{"start":{"line":60,"column":20},"end":{"line":60,"column":33}},"line":60},"13":{"name":"(anonymous_13)","decl":{"start":{"line":61,"column":11},"end":{"line":61,"column":12}},"loc":{"start":{"line":61,"column":22},"end":{"line":64,"column":5}},"line":61}},"branchMap":{"0":{"loc":{"start":{"line":14,"column":2},"end":{"line":14,"column":27}},"type":"if","locations":[{"start":{"line":14,"column":2},"end":{"line":14,"column":27}},{"start":{},"end":{}}],"line":14},"1":{"loc":{"start":{"line":18,"column":4},"end":{"line":21,"column":5}},"type":"if","locations":[{"start":{"line":18,"column":4},"end":{"line":21,"column":5}},{"start":{},"end":{}}],"line":18},"2":{"loc":{"start":{"line":34,"column":2},"end":{"line":34,"column":25}},"type":"if","locations":[{"start":{"line":34,"column":2},"end":{"line":34,"column":25}},{"start":{},"end":{}}],"line":34},"3":{"loc":{"start":{"line":38,"column":4},"end":{"line":41,"column":5}},"type":"if","locations":[{"start":{"line":38,"column":4},"end":{"line":41,"column":5}},{"start":{},"end":{}}],"line":38}},"s":{"0":1,"1":1,"2":0,"3":0,"4":0,"5":0,"6":1,"7":0,"8":0,"9":0,"10":0,"11":0,"12":0,"13":0,"14":0,"15":0,"16":0,"17":0,"18":1,"19":0,"20":0,"21":0,"22":0,"23":0,"24":0,"25":0,"26":0,"27":0,"28":0,"29":1,"30":0,"31":0,"32":0,"33":0,"34":0,"35":0,"36":0,"37":0,"38":1},"f":{"0":0,"1":0,"2":0,"3":0,"4":0,"5":0,"6":0,"7":0,"8":0,"9":0,"10":0,"11":0,"12":0,"13":0},"b":{"0":[0,0],"1":[0,0],"2":[0,0],"3":[0,0]},"_coverageSchema":"1a1c01bbd47fc00a2c39e90264f33305004495a9","hash":"d0f152f77df1b3d565f72202ea3daf87a3b1d471"}
,"/home/3h45k4r/Desktop/CRM-ticketing-system/client-api/src/model/admin/Admin.schema.js": {"path":"/home/3h45k4r/Desktop/CRM-ticketing-system/client-api/src/model/admin/Admin.schema.js","statementMap":{"0":{"start":{"line":1,"column":17},"end":{"line":1,"column":36}},"1":{"start":{"line":2,"column":15},"end":{"line":2,"column":30}},"2":{"start":{"line":4,"column":20},"end":{"line":47,"column":2}},"3":{"start":{"line":49,"column":0},"end":{"line":49,"column":54}}},"fnMap":{},"branchMap":{},"s":{"0":1,"1":1,"2":1,"3":1},"f":{},"b":{},"_coverageSchema":"1a1c01bbd47fc00a2c39e90264f33305004495a9","hash":"47ef2a4d193096f1ff78964016d8553da0919e0f"}
,"/home/3h45k4r/Desktop/CRM-ticketing-system/client-api/src/model/employee/Employee.model.js": {"path":"/home/3h45k4r/Desktop/CRM-ticketing-system/client-api/src/model/employee/Employee.model.js","statementMap":{"0":{"start":{"line":1,"column":23},"end":{"line":1,"column":51}},"1":{"start":{"line":3,"column":23},"end":{"line":10,"column":1}},"2":{"start":{"line":4,"column":1},"end":{"line":9,"column":4}},"3":{"start":{"line":5,"column":2},"end":{"line":8,"column":36}},"4":{"start":{"line":7,"column":19},"end":{"line":7,"column":32}},"5":{"start":{"line":8,"column":21},"end":{"line":8,"column":34}},"6":{"start":{"line":12,"column":22},"end":{"line":30,"column":1}},"7":{"start":{"line":13,"column":1},"end":{"line":29,"column":4}},"8":{"start":{"line":14,"column":2},"end":{"line":14,"column":27}},"9":{"start":{"line":14,"column":14},"end":{"line":14,"column":27}},"10":{"start":{"line":16,"column":2},"end":{"line":28,"column":3}},"11":{"start":{"line":17,"column":3},"end":{"line":24,"column":6}},"12":{"start":{"line":18,"column":4},"end":{"line":21,"column":5}},"13":{"start":{"line":19,"column":5},"end":{"line":19,"column":24}},"14":{"start":{"line":20,"column":5},"end":{"line":20,"column":19}},"15":{"start":{"line":23,"column":4},"end":{"line":23,"column":18}},"16":{"start":{"line":26,"column":3},"end":{"line":26,"column":22}},"17":{"start":{"line":27,"column":3},"end":{"line":27,"column":17}},"18":{"start":{"line":32,"column":19},"end":{"line":48,"column":1}},"19":{"start":{"line":33,"column":1},"end":{"line":47,"column":4}},"20":{"start":{"line":34,"column":2},"end":{"line":34,"column":25}},"21":{"start":{"line":34,"column":12},"end":{"line":34,"column":25}},"22":{"start":{"line":36,"column":2},"end":{"line":46,"column":3}},"23":{"start":{"line":37,"column":3},"end":{"line":43,"column":6}},"24":{"start":{"line":38,"column":4},"end":{"line":41,"column":5}},"25":{"start":{"line":39,"column":5},"end":{"line":39,"column":24}},"26":{"start":{"line":40,"column":5},"end":{"line":40,"column":19}},"27":{"start":{"line":42,"column":4},"end":{"line":42,"column":18}},"28":{"start":{"line":45,"column":3},"end":{"line":45,"column":17}},"29":{"start":{"line":50,"column":27},"end":{"line":70,"column":1}},"30":{"start":{"line":51,"column":1},"end":{"line":69,"column":4}},"31":{"start":{"line":52,"column":2},"end":{"line":68,"column":3}},"32":{"start":{"line":53,"column":3},"end":{"line":64,"column":7}},"33":{"start":{"line":60,"column":20},"end":{"line":60,"column":33}},"34":{"start":{"line":62,"column":5},"end":{"line":62,"column":24}},"35":{"start":{"line":63,"column":5},"end":{"line":63,"column":19}},"36":{"start":{"line":66,"column":3},"end":{"line":66,"column":22}},"37":{"start":{"line":67,"column":3},"end":{"line":67,"column":17}},"38":{"start":{"line":73,"column":24},"end":{"line":83,"column":1}},"39":{"start":{"line":74,"column":1},"end":{"line":82,"column":4}},"40":{"start":{"line":75,"column":2},"end":{"line":81,"column":3}},"41":{"start":{"line":76,"column":3},"end":{"line":78,"column":37}},"42":{"start":{"line":77,"column":20},"end":{"line":77,"column":33}},"43":{"start":{"line":78,"column":22},"end":{"line":78,"column":35}},"44":{"start":{"line":80,"column":3},"end":{"line":80,"column":17}},"45":{"start":{"line":85,"column":0},"end":{"line":91,"column":2}}},"fnMap":{"0":{"name":"(anonymous_0)","decl":{"start":{"line":3,"column":23},"end":{"line":3,"column":24}},"loc":{"start":{"line":3,"column":35},"end":{"line":10,"column":1}},"line":3},"1":{"name":"(anonymous_1)","decl":{"start":{"line":4,"column":20},"end":{"line":4,"column":21}},"loc":{"start":{"line":4,"column":41},"end":{"line":9,"column":2}},"line":4},"2":{"name":"(anonymous_2)","decl":{"start":{"line":7,"column":9},"end":{"line":7,"column":10}},"loc":{"start":{"line":7,"column":19},"end":{"line":7,"column":32}},"line":7},"3":{"name":"(anonymous_3)","decl":{"start":{"line":8,"column":10},"end":{"line":8,"column":11}},"loc":{"start":{"line":8,"column":21},"end":{"line":8,"column":34}},"line":8},"4":{"name":"(anonymous_4)","decl":{"start":{"line":12,"column":22},"end":{"line":12,"column":23}},"loc":{"start":{"line":12,"column":33},"end":{"line":30,"column":1}},"line":12},"5":{"name":"(anonymous_5)","decl":{"start":{"line":13,"column":20},"end":{"line":13,"column":21}},"loc":{"start":{"line":13,"column":41},"end":{"line":29,"column":2}},"line":13},"6":{"name":"(anonymous_6)","decl":{"start":{"line":17,"column":37},"end":{"line":17,"column":38}},"loc":{"start":{"line":17,"column":54},"end":{"line":24,"column":4}},"line":17},"7":{"name":"(anonymous_7)","decl":{"start":{"line":32,"column":19},"end":{"line":32,"column":20}},"loc":{"start":{"line":32,"column":28},"end":{"line":48,"column":1}},"line":32},"8":{"name":"(anonymous_8)","decl":{"start":{"line":33,"column":20},"end":{"line":33,"column":21}},"loc":{"start":{"line":33,"column":41},"end":{"line":47,"column":2}},"line":33},"9":{"name":"(anonymous_9)","decl":{"start":{"line":37,"column":32},"end":{"line":37,"column":33}},"loc":{"start":{"line":37,"column":49},"end":{"line":43,"column":4}},"line":37},"10":{"name":"(anonymous_10)","decl":{"start":{"line":50,"column":27},"end":{"line":50,"column":28}},"loc":{"start":{"line":50,"column":43},"end":{"line":70,"column":1}},"line":50},"11":{"name":"(anonymous_11)","decl":{"start":{"line":51,"column":20},"end":{"line":51,"column":21}},"loc":{"start":{"line":51,"column":41},"end":{"line":69,"column":2}},"line":51},"12":{"name":"(anonymous_12)","decl":{"start":{"line":60,"column":10},"end":{"line":60,"column":11}},"loc":{"start":{"line":60,"column":20},"end":{"line":60,"column":33}},"line":60},"13":{"name":"(anonymous_13)","decl":{"start":{"line":61,"column":11},"end":{"line":61,"column":12}},"loc":{"start":{"line":61,"column":22},"end":{"line":64,"column":5}},"line":61},"14":{"name":"(anonymous_14)","decl":{"start":{"line":73,"column":24},"end":{"line":73,"column":25}},"loc":{"start":{"line":73,"column":30},"end":{"line":83,"column":1}},"line":73},"15":{"name":"(anonymous_15)","decl":{"start":{"line":74,"column":20},"end":{"line":74,"column":21}},"loc":{"start":{"line":74,"column":41},"end":{"line":82,"column":2}},"line":74},"16":{"name":"(anonymous_16)","decl":{"start":{"line":77,"column":10},"end":{"line":77,"column":11}},"loc":{"start":{"line":77,"column":20},"end":{"line":77,"column":33}},"line":77},"17":{"name":"(anonymous_17)","decl":{"start":{"line":78,"column":11},"end":{"line":78,"column":12}},"loc":{"start":{"line":78,"column":22},"end":{"line":78,"column":35}},"line":78}},"branchMap":{"0":{"loc":{"start":{"line":14,"column":2},"end":{"line":14,"column":27}},"type":"if","locations":[{"start":{"line":14,"column":2},"end":{"line":14,"column":27}},{"start":{},"end":{}}],"line":14},"1":{"loc":{"start":{"line":18,"column":4},"end":{"line":21,"column":5}},"type":"if","locations":[{"start":{"line":18,"column":4},"end":{"line":21,"column":5}},{"start":{},"end":{}}],"line":18},"2":{"loc":{"start":{"line":34,"column":2},"end":{"line":34,"column":25}},"type":"if","locations":[{"start":{"line":34,"column":2},"end":{"line":34,"column":25}},{"start":{},"end":{}}],"line":34},"3":{"loc":{"start":{"line":38,"column":4},"end":{"line":41,"column":5}},"type":"if","locations":[{"start":{"line":38,"column":4},"end":{"line":41,"column":5}},{"start":{},"end":{}}],"line":38}},"s":{"0":1,"1":1,"2":0,"3":0,"4":0,"5":0,"6":1,"7":0,"8":0,"9":0,"10":0,"11":0,"12":0,"13":0,"14":0,"15":0,"16":0,"17":0,"18":1,"19":0,"20":0,"21":0,"22":0,"23":0,"24":0,"25":0,"26":0,"27":0,"28":0,"29":1,"30":0,"31":0,"32":0,"33":0,"34":0,"35":0,"36":0,"37":0,"38":1,"39":0,"40":0,"41":0,"42":0,"43":0,"44":0,"45":1},"f":{"0":0,"1":0,"2":0,"3":0,"4":0,"5":0,"6":0,"7":0,"8":0,"9":0,"10":0,"11":0,"12":0,"13":0,"14":0,"15":0,"16":0,"17":0},"b":{"0":[0,0],"1":[0,0],"2":[0,0],"3":[0,0]},"_coverageSchema":"1a1c01bbd47fc00a2c39e90264f33305004495a9","hash":"aafe8bbd95e9bbadb1ddf09be120e90e1efed08c"}
,"/home/3h45k4r/Desktop/CRM-ticketing-system/client-api/src/model/employee/Employee.schema.js": {"path":"/home/3h45k4r/Desktop/CRM-ticketing-system/client-api/src/model/employee/Employee.schema.js","statementMap":{"0":{"start":{"line":1,"column":17},"end":{"line":1,"column":36}},"1":{"start":{"line":2,"column":15},"end":{"line":2,"column":30}},"2":{"start":{"line":3,"column":15},"end":{"line":3,"column":32}},"3":{"start":{"line":5,"column":23},"end":{"line":58,"column":2}},"4":{"start":{"line":61,"column":0},"end":{"line":64,"column":3}},"5":{"start":{"line":62,"column":1},"end":{"line":62,"column":52}},"6":{"start":{"line":63,"column":1},"end":{"line":63,"column":8}},"7":{"start":{"line":67,"column":0},"end":{"line":71,"column":3}},"8":{"start":{"line":68,"column":14},"end":{"line":68,"column":36}},"9":{"start":{"line":69,"column":1},"end":{"line":69,"column":56}},"10":{"start":{"line":70,"column":1},"end":{"line":70,"column":8}},"11":{"start":{"line":74,"column":0},"end":{"line":84,"column":2}},"12":{"start":{"line":75,"column":14},"end":{"line":75,"column":43}},"13":{"start":{"line":76,"column":1},"end":{"line":82,"column":2}},"14":{"start":{"line":77,"column":15},"end":{"line":77,"column":60}},"15":{"start":{"line":78,"column":2},"end":{"line":80,"column":3}},"16":{"start":{"line":79,"column":3},"end":{"line":79,"column":15}},"17":{"start":{"line":81,"column":2},"end":{"line":81,"column":36}},"18":{"start":{"line":83,"column":1},"end":{"line":83,"column":32}},"19":{"start":{"line":86,"column":0},"end":{"line":86,"column":60}}},"fnMap":{"0":{"name":"(anonymous_0)","decl":{"start":{"line":61,"column":28},"end":{"line":61,"column":29}},"loc":{"start":{"line":61,"column":43},"end":{"line":64,"column":1}},"line":61},"1":{"name":"(anonymous_1)","decl":{"start":{"line":67,"column":27},"end":{"line":67,"column":28}},"loc":{"start":{"line":67,"column":49},"end":{"line":71,"column":1}},"line":67},"2":{"name":"(anonymous_2)","decl":{"start":{"line":74,"column":31},"end":{"line":74,"column":32}},"loc":{"start":{"line":74,"column":64},"end":{"line":84,"column":1}},"line":74}},"branchMap":{"0":{"loc":{"start":{"line":76,"column":1},"end":{"line":82,"column":2}},"type":"if","locations":[{"start":{"line":76,"column":1},"end":{"line":82,"column":2}},{"start":{},"end":{}}],"line":76},"1":{"loc":{"start":{"line":78,"column":2},"end":{"line":80,"column":3}},"type":"if","locations":[{"start":{"line":78,"column":2},"end":{"line":80,"column":3}},{"start":{},"end":{}}],"line":78}},"s":{"0":1,"1":1,"2":1,"3":1,"4":1,"5":0,"6":0,"7":1,"8":0,"9":0,"10":0,"11":1,"12":0,"13":0,"14":0,"15":0,"16":0,"17":0,"18":0,"19":1},"f":{"0":0,"1":0,"2":0},"b":{"0":[0,0],"1":[0,0]},"_coverageSchema":"1a1c01bbd47fc00a2c39e90264f33305004495a9","hash":"86aa590e5ad1d68dbc6a3f4724b82f5a2b0110a4"}
,"/home/3h45k4r/Desktop/CRM-ticketing-system/client-api/src/model/resetPin/ResetPin.model.js": {"path":"/home/3h45k4r/Desktop/CRM-ticketing-system/client-api/src/model/resetPin/ResetPin.model.js","statementMap":{"0":{"start":{"line":1,"column":27},"end":{"line":1,"column":55}},"1":{"start":{"line":2,"column":28},"end":{"line":2,"column":72}},"2":{"start":{"line":5,"column":28},"end":{"line":20,"column":1}},"3":{"start":{"line":6,"column":19},"end":{"line":6,"column":42}},"4":{"start":{"line":7,"column":19},"end":{"line":7,"column":51}},"5":{"start":{"line":9,"column":18},"end":{"line":12,"column":2}},"6":{"start":{"line":14,"column":1},"end":{"line":19,"column":4}},"7":{"start":{"line":15,"column":2},"end":{"line":18,"column":36}},"8":{"start":{"line":17,"column":19},"end":{"line":17,"column":32}},"9":{"start":{"line":18,"column":21},"end":{"line":18,"column":34}},"10":{"start":{"line":23,"column":25},"end":{"line":38,"column":1}},"11":{"start":{"line":24,"column":1},"end":{"line":37,"column":4}},"12":{"start":{"line":25,"column":2},"end":{"line":36,"column":3}},"13":{"start":{"line":26,"column":3},"end":{"line":32,"column":6}},"14":{"start":{"line":27,"column":4},"end":{"line":30,"column":5}},"15":{"start":{"line":28,"column":5},"end":{"line":28,"column":24}},"16":{"start":{"line":29,"column":5},"end":{"line":29,"column":20}},"17":{"start":{"line":31,"column":4},"end":{"line":31,"column":18}},"18":{"start":{"line":34,"column":3},"end":{"line":34,"column":17}},"19":{"start":{"line":35,"column":3},"end":{"line":35,"column":22}},"20":{"start":{"line":41,"column":18},"end":{"line":51,"column":1}},"21":{"start":{"line":42,"column":1},"end":{"line":50,"column":2}},"22":{"start":{"line":43,"column":2},"end":{"line":47,"column":5}},"23":{"start":{"line":44,"column":3},"end":{"line":46,"column":4}},"24":{"start":{"line":45,"column":4},"end":{"line":45,"column":23}},"25":{"start":{"line":49,"column":2},"end":{"line":49,"column":21}},"26":{"start":{"line":53,"column":0},"end":{"line":57,"column":2}}},"fnMap":{"0":{"name":"(anonymous_0)","decl":{"start":{"line":5,"column":28},"end":{"line":5,"column":29}},"loc":{"start":{"line":5,"column":45},"end":{"line":20,"column":1}},"line":5},"1":{"name":"(anonymous_1)","decl":{"start":{"line":14,"column":20},"end":{"line":14,"column":21}},"loc":{"start":{"line":14,"column":41},"end":{"line":19,"column":2}},"line":14},"2":{"name":"(anonymous_2)","decl":{"start":{"line":17,"column":9},"end":{"line":17,"column":10}},"loc":{"start":{"line":17,"column":19},"end":{"line":17,"column":32}},"line":17},"3":{"name":"(anonymous_3)","decl":{"start":{"line":18,"column":10},"end":{"line":18,"column":11}},"loc":{"start":{"line":18,"column":21},"end":{"line":18,"column":34}},"line":18},"4":{"name":"(anonymous_4)","decl":{"start":{"line":23,"column":25},"end":{"line":23,"column":26}},"loc":{"start":{"line":23,"column":41},"end":{"line":38,"column":1}},"line":23},"5":{"name":"(anonymous_5)","decl":{"start":{"line":24,"column":20},"end":{"line":24,"column":21}},"loc":{"start":{"line":24,"column":41},"end":{"line":37,"column":2}},"line":24},"6":{"name":"(anonymous_6)","decl":{"start":{"line":26,"column":42},"end":{"line":26,"column":43}},"loc":{"start":{"line":26,"column":59},"end":{"line":32,"column":4}},"line":26},"7":{"name":"(anonymous_7)","decl":{"start":{"line":41,"column":18},"end":{"line":41,"column":19}},"loc":{"start":{"line":41,"column":34},"end":{"line":51,"column":1}},"line":41},"8":{"name":"(anonymous_8)","decl":{"start":{"line":43,"column":50},"end":{"line":43,"column":51}},"loc":{"start":{"line":43,"column":61},"end":{"line":47,"column":3}},"line":43}},"branchMap":{"0":{"loc":{"start":{"line":27,"column":4},"end":{"line":30,"column":5}},"type":"if","locations":[{"start":{"line":27,"column":4},"end":{"line":30,"column":5}},{"start":{},"end":{}}],"line":27},"1":{"loc":{"start":{"line":44,"column":3},"end":{"line":46,"column":4}},"type":"if","locations":[{"start":{"line":44,"column":3},"end":{"line":46,"column":4}},{"start":{},"end":{}}],"line":44}},"s":{"0":1,"1":1,"2":1,"3":0,"4":0,"5":0,"6":0,"7":0,"8":0,"9":0,"10":1,"11":0,"12":0,"13":0,"14":0,"15":0,"16":0,"17":0,"18":0,"19":0,"20":1,"21":0,"22":0,"23":0,"24":0,"25":0,"26":1},"f":{"0":0,"1":0,"2":0,"3":0,"4":0,"5":0,"6":0,"7":0,"8":0},"b":{"0":[0,0],"1":[0,0]},"_coverageSchema":"1a1c01bbd47fc00a2c39e90264f33305004495a9","hash":"8397d3d1213f51f3566e1ac8b7ff57c814c7335d"}
,"/home/3h45k4r/Desktop/CRM-ticketing-system/client-api/src/model/resetPin/ResetPin.schema.js": {"path":"/home/3h45k4r/Desktop/CRM-ticketing-system/client-api/src/model/resetPin/ResetPin.schema.js","statementMap":{"0":{"start":{"line":1,"column":17},"end":{"line":1,"column":36}},"1":{"start":{"line":2,"column":15},"end":{"line":2,"column":30}},"2":{"start":{"line":5,"column":23},"end":{"line":21,"column":2}},"3":{"start":{"line":23,"column":0},"end":{"line":25,"column":2}}},"fnMap":{},"branchMap":{},"s":{"0":1,"1":1,"2":1,"3":1},"f":{},"b":{},"_coverageSchema":"1a1c01bbd47fc00a2c39e90264f33305004495a9","hash":"d93c5797a78428c1fffad62237d163cbffceb427"}
,"/home/3h45k4r/Desktop/CRM-ticketing-system/client-api/src/model/ticket/Ticket.model.js": {"path":"/home/3h45k4r/Desktop/CRM-ticketing-system/client-api/src/model/ticket/Ticket.model.js","statementMap":{"0":{"start":{"line":1,"column":21},"end":{"line":1,"column":47}},"1":{"start":{"line":3,"column":21},"end":{"line":15,"column":1}},"2":{"start":{"line":4,"column":1},"end":{"line":14,"column":4}},"3":{"start":{"line":5,"column":2},"end":{"line":13,"column":3}},"4":{"start":{"line":6,"column":3},"end":{"line":9,"column":37}},"5":{"start":{"line":8,"column":20},"end":{"line":8,"column":33}},"6":{"start":{"line":9,"column":22},"end":{"line":9,"column":35}},"7":{"start":{"line":12,"column":3},"end":{"line":12,"column":17}},"8":{"start":{"line":17,"column":19},"end":{"line":28,"column":1}},"9":{"start":{"line":18,"column":1},"end":{"line":27,"column":4}},"10":{"start":{"line":19,"column":2},"end":{"line":26,"column":3}},"11":{"start":{"line":20,"column":3},"end":{"line":22,"column":37}},"12":{"start":{"line":21,"column":20},"end":{"line":21,"column":33}},"13":{"start":{"line":22,"column":22},"end":{"line":22,"column":35}},"14":{"start":{"line":25,"column":3},"end":{"line":25,"column":17}},"15":{"start":{"line":30,"column":22},"end":{"line":41,"column":1}},"16":{"start":{"line":31,"column":1},"end":{"line":40,"column":4}},"17":{"start":{"line":32,"column":2},"end":{"line":39,"column":3}},"18":{"start":{"line":33,"column":3},"end":{"line":35,"column":37}},"19":{"start":{"line":34,"column":20},"end":{"line":34,"column":33}},"20":{"start":{"line":35,"column":22},"end":{"line":35,"column":35}},"21":{"start":{"line":38,"column":3},"end":{"line":38,"column":17}},"22":{"start":{"line":43,"column":23},"end":{"line":54,"column":1}},"23":{"start":{"line":44,"column":1},"end":{"line":53,"column":4}},"24":{"start":{"line":45,"column":2},"end":{"line":52,"column":3}},"25":{"start":{"line":46,"column":3},"end":{"line":48,"column":37}},"26":{"start":{"line":47,"column":20},"end":{"line":47,"column":33}},"27":{"start":{"line":48,"column":22},"end":{"line":48,"column":35}},"28":{"start":{"line":51,"column":3},"end":{"line":51,"column":17}},"29":{"start":{"line":56,"column":23},"end":{"line":76,"column":1}},"30":{"start":{"line":57,"column":1},"end":{"line":75,"column":4}},"31":{"start":{"line":58,"column":2},"end":{"line":74,"column":3}},"32":{"start":{"line":59,"column":3},"end":{"line":70,"column":37}},"33":{"start":{"line":69,"column":20},"end":{"line":69,"column":33}},"34":{"start":{"line":70,"column":22},"end":{"line":70,"column":35}},"35":{"start":{"line":73,"column":3},"end":{"line":73,"column":17}},"36":{"start":{"line":78,"column":28},"end":{"line":95,"column":1}},"37":{"start":{"line":79,"column":1},"end":{"line":94,"column":4}},"38":{"start":{"line":80,"column":2},"end":{"line":93,"column":3}},"39":{"start":{"line":81,"column":3},"end":{"line":89,"column":37}},"40":{"start":{"line":88,"column":20},"end":{"line":88,"column":33}},"41":{"start":{"line":89,"column":22},"end":{"line":89,"column":35}},"42":{"start":{"line":92,"column":3},"end":{"line":92,"column":17}},"43":{"start":{"line":97,"column":21},"end":{"line":108,"column":1}},"44":{"start":{"line":98,"column":1},"end":{"line":107,"column":4}},"45":{"start":{"line":99,"column":2},"end":{"line":106,"column":3}},"46":{"start":{"line":100,"column":3},"end":{"line":102,"column":37}},"47":{"start":{"line":101,"column":20},"end":{"line":101,"column":33}},"48":{"start":{"line":102,"column":22},"end":{"line":102,"column":35}},"49":{"start":{"line":105,"column":3},"end":{"line":105,"column":17}},"50":{"start":{"line":114,"column":30},"end":{"line":125,"column":1}},"51":{"start":{"line":115,"column":1},"end":{"line":124,"column":4}},"52":{"start":{"line":116,"column":2},"end":{"line":123,"column":3}},"53":{"start":{"line":117,"column":3},"end":{"line":119,"column":37}},"54":{"start":{"line":118,"column":20},"end":{"line":118,"column":33}},"55":{"start":{"line":119,"column":22},"end":{"line":119,"column":35}},"56":{"start":{"line":122,"column":3},"end":{"line":122,"column":17}},"57":{"start":{"line":127,"column":28},"end":{"line":138,"column":1}},"58":{"start":{"line":128,"column":1},"end":{"line":137,"column":4}},"59":{"start":{"line":129,"column":2},"end":{"line":136,"column":3}},"60":{"start":{"line":130,"column":3},"end":{"line":132,"column":37}},"61":{"start":{"line":131,"column":20},"end":{"line":131,"column":33}},"62":{"start":{"line":132,"column":22},"end":{"line":132,"column":35}},"63":{"start":{"line":135,"column":3},"end":{"line":135,"column":17}},"64":{"start":{"line":142,"column":23},"end":{"line":157,"column":1}},"65":{"start":{"line":143,"column":1},"end":{"line":156,"column":4}},"66":{"start":{"line":144,"column":2},"end":{"line":155,"column":3}},"67":{"start":{"line":145,"column":3},"end":{"line":151,"column":37}},"68":{"start":{"line":150,"column":20},"end":{"line":150,"column":33}},"69":{"start":{"line":151,"column":22},"end":{"line":151,"column":35}},"70":{"start":{"line":153,"column":3},"end":{"line":153,"column":22}},"71":{"start":{"line":154,"column":3},"end":{"line":154,"column":17}},"72":{"start":{"line":162,"column":23},"end":{"line":172,"column":1}},"73":{"start":{"line":163,"column":1},"end":{"line":171,"column":4}},"74":{"start":{"line":164,"column":2},"end":{"line":170,"column":3}},"75":{"start":{"line":165,"column":3},"end":{"line":167,"column":37}},"76":{"start":{"line":166,"column":20},"end":{"line":166,"column":33}},"77":{"start":{"line":167,"column":22},"end":{"line":167,"column":35}},"78":{"start":{"line":169,"column":3},"end":{"line":169,"column":17}},"79":{"start":{"line":175,"column":27},"end":{"line":195,"column":1}},"80":{"start":{"line":176,"column":1},"end":{"line":194,"column":4}},"81":{"start":{"line":177,"column":2},"end":{"line":193,"column":3}},"82":{"start":{"line":178,"column":3},"end":{"line":189,"column":37}},"83":{"start":{"line":188,"column":20},"end":{"line":188,"column":33}},"84":{"start":{"line":189,"column":22},"end":{"line":189,"column":35}},"85":{"start":{"line":191,"column":3},"end":{"line":191,"column":22}},"86":{"start":{"line":192,"column":3},"end":{"line":192,"column":17}},"87":{"start":{"line":197,"column":0},"end":{"line":210,"column":2}}},"fnMap":{"0":{"name":"(anonymous_0)","decl":{"start":{"line":3,"column":21},"end":{"line":3,"column":22}},"loc":{"start":{"line":3,"column":36},"end":{"line":15,"column":1}},"line":3},"1":{"name":"(anonymous_1)","decl":{"start":{"line":4,"column":20},"end":{"line":4,"column":21}},"loc":{"start":{"line":4,"column":41},"end":{"line":14,"column":2}},"line":4},"2":{"name":"(anonymous_2)","decl":{"start":{"line":8,"column":10},"end":{"line":8,"column":11}},"loc":{"start":{"line":8,"column":20},"end":{"line":8,"column":33}},"line":8},"3":{"name":"(anonymous_3)","decl":{"start":{"line":9,"column":11},"end":{"line":9,"column":12}},"loc":{"start":{"line":9,"column":22},"end":{"line":9,"column":35}},"line":9},"4":{"name":"(anonymous_4)","decl":{"start":{"line":17,"column":19},"end":{"line":17,"column":20}},"loc":{"start":{"line":17,"column":33},"end":{"line":28,"column":1}},"line":17},"5":{"name":"(anonymous_5)","decl":{"start":{"line":18,"column":20},"end":{"line":18,"column":21}},"loc":{"start":{"line":18,"column":41},"end":{"line":27,"column":2}},"line":18},"6":{"name":"(anonymous_6)","decl":{"start":{"line":21,"column":10},"end":{"line":21,"column":11}},"loc":{"start":{"line":21,"column":20},"end":{"line":21,"column":33}},"line":21},"7":{"name":"(anonymous_7)","decl":{"start":{"line":22,"column":11},"end":{"line":22,"column":12}},"loc":{"start":{"line":22,"column":22},"end":{"line":22,"column":35}},"line":22},"8":{"name":"(anonymous_8)","decl":{"start":{"line":30,"column":22},"end":{"line":30,"column":23}},"loc":{"start":{"line":30,"column":41},"end":{"line":41,"column":1}},"line":30},"9":{"name":"(anonymous_9)","decl":{"start":{"line":31,"column":20},"end":{"line":31,"column":21}},"loc":{"start":{"line":31,"column":41},"end":{"line":40,"column":2}},"line":31},"10":{"name":"(anonymous_10)","decl":{"start":{"line":34,"column":10},"end":{"line":34,"column":11}},"loc":{"start":{"line":34,"column":20},"end":{"line":34,"column":33}},"line":34},"11":{"name":"(anonymous_11)","decl":{"start":{"line":35,"column":11},"end":{"line":35,"column":12}},"loc":{"start":{"line":35,"column":22},"end":{"line":35,"column":35}},"line":35},"12":{"name":"(anonymous_12)","decl":{"start":{"line":43,"column":23},"end":{"line":43,"column":24}},"loc":{"start":{"line":43,"column":32},"end":{"line":54,"column":1}},"line":43},"13":{"name":"(anonymous_13)","decl":{"start":{"line":44,"column":20},"end":{"line":44,"column":21}},"loc":{"start":{"line":44,"column":41},"end":{"line":53,"column":2}},"line":44},"14":{"name":"(anonymous_14)","decl":{"start":{"line":47,"column":10},"end":{"line":47,"column":11}},"loc":{"start":{"line":47,"column":20},"end":{"line":47,"column":33}},"line":47},"15":{"name":"(anonymous_15)","decl":{"start":{"line":48,"column":11},"end":{"line":48,"column":12}},"loc":{"start":{"line":48,"column":22},"end":{"line":48,"column":35}},"line":48},"16":{"name":"(anonymous_16)","decl":{"start":{"line":56,"column":23},"end":{"line":56,"column":24}},"loc":{"start":{"line":56,"column":63},"end":{"line":76,"column":1}},"line":56},"17":{"name":"(anonymous_17)","decl":{"start":{"line":57,"column":20},"end":{"line":57,"column":21}},"loc":{"start":{"line":57,"column":41},"end":{"line":75,"column":2}},"line":57},"18":{"name":"(anonymous_18)","decl":{"start":{"line":69,"column":10},"end":{"line":69,"column":11}},"loc":{"start":{"line":69,"column":20},"end":{"line":69,"column":33}},"line":69},"19":{"name":"(anonymous_19)","decl":{"start":{"line":70,"column":11},"end":{"line":70,"column":12}},"loc":{"start":{"line":70,"column":22},"end":{"line":70,"column":35}},"line":70},"20":{"name":"(anonymous_20)","decl":{"start":{"line":78,"column":28},"end":{"line":78,"column":29}},"loc":{"start":{"line":78,"column":51},"end":{"line":95,"column":1}},"line":78},"21":{"name":"(anonymous_21)","decl":{"start":{"line":79,"column":20},"end":{"line":79,"column":21}},"loc":{"start":{"line":79,"column":41},"end":{"line":94,"column":2}},"line":79},"22":{"name":"(anonymous_22)","decl":{"start":{"line":88,"column":10},"end":{"line":88,"column":11}},"loc":{"start":{"line":88,"column":20},"end":{"line":88,"column":33}},"line":88},"23":{"name":"(anonymous_23)","decl":{"start":{"line":89,"column":11},"end":{"line":89,"column":12}},"loc":{"start":{"line":89,"column":22},"end":{"line":89,"column":35}},"line":89},"24":{"name":"(anonymous_24)","decl":{"start":{"line":97,"column":21},"end":{"line":97,"column":22}},"loc":{"start":{"line":97,"column":44},"end":{"line":108,"column":1}},"line":97},"25":{"name":"(anonymous_25)","decl":{"start":{"line":98,"column":20},"end":{"line":98,"column":21}},"loc":{"start":{"line":98,"column":41},"end":{"line":107,"column":2}},"line":98},"26":{"name":"(anonymous_26)","decl":{"start":{"line":101,"column":10},"end":{"line":101,"column":11}},"loc":{"start":{"line":101,"column":20},"end":{"line":101,"column":33}},"line":101},"27":{"name":"(anonymous_27)","decl":{"start":{"line":102,"column":11},"end":{"line":102,"column":12}},"loc":{"start":{"line":102,"column":22},"end":{"line":102,"column":35}},"line":102},"28":{"name":"(anonymous_28)","decl":{"start":{"line":114,"column":30},"end":{"line":114,"column":31}},"loc":{"start":{"line":114,"column":42},"end":{"line":125,"column":1}},"line":114},"29":{"name":"(anonymous_29)","decl":{"start":{"line":115,"column":20},"end":{"line":115,"column":21}},"loc":{"start":{"line":115,"column":41},"end":{"line":124,"column":2}},"line":115},"30":{"name":"(anonymous_30)","decl":{"start":{"line":118,"column":10},"end":{"line":118,"column":11}},"loc":{"start":{"line":118,"column":20},"end":{"line":118,"column":33}},"line":118},"31":{"name":"(anonymous_31)","decl":{"start":{"line":119,"column":11},"end":{"line":119,"column":12}},"loc":{"start":{"line":119,"column":22},"end":{"line":119,"column":35}},"line":119},"32":{"name":"(anonymous_32)","decl":{"start":{"line":127,"column":28},"end":{"line":127,"column":29}},"loc":{"start":{"line":127,"column":34},"end":{"line":138,"column":1}},"line":127},"33":{"name":"(anonymous_33)","decl":{"start":{"line":128,"column":20},"end":{"line":128,"column":21}},"loc":{"start":{"line":128,"column":41},"end":{"line":137,"column":2}},"line":128},"34":{"name":"(anonymous_34)","decl":{"start":{"line":131,"column":10},"end":{"line":131,"column":11}},"loc":{"start":{"line":131,"column":20},"end":{"line":131,"column":33}},"line":131},"35":{"name":"(anonymous_35)","decl":{"start":{"line":132,"column":11},"end":{"line":132,"column":12}},"loc":{"start":{"line":132,"column":22},"end":{"line":132,"column":35}},"line":132},"36":{"name":"(anonymous_36)","decl":{"start":{"line":142,"column":23},"end":{"line":142,"column":24}},"loc":{"start":{"line":142,"column":48},"end":{"line":157,"column":1}},"line":142},"37":{"name":"(anonymous_37)","decl":{"start":{"line":143,"column":20},"end":{"line":143,"column":21}},"loc":{"start":{"line":143,"column":41},"end":{"line":156,"column":2}},"line":143},"38":{"name":"(anonymous_38)","decl":{"start":{"line":150,"column":10},"end":{"line":150,"column":11}},"loc":{"start":{"line":150,"column":20},"end":{"line":150,"column":33}},"line":150},"39":{"name":"(anonymous_39)","decl":{"start":{"line":151,"column":11},"end":{"line":151,"column":12}},"loc":{"start":{"line":151,"column":22},"end":{"line":151,"column":35}},"line":151},"40":{"name":"(anonymous_40)","decl":{"start":{"line":162,"column":23},"end":{"line":162,"column":24}},"loc":{"start":{"line":162,"column":39},"end":{"line":172,"column":1}},"line":162},"41":{"name":"(anonymous_41)","decl":{"start":{"line":163,"column":20},"end":{"line":163,"column":21}},"loc":{"start":{"line":163,"column":41},"end":{"line":171,"column":2}},"line":163},"42":{"name":"(anonymous_42)","decl":{"start":{"line":166,"column":10},"end":{"line":166,"column":11}},"loc":{"start":{"line":166,"column":20},"end":{"line":166,"column":33}},"line":166},"43":{"name":"(anonymous_43)","decl":{"start":{"line":167,"column":11},"end":{"line":167,"column":12}},"loc":{"start":{"line":167,"column":22},"end":{"line":167,"column":35}},"line":167},"44":{"name":"(anonymous_44)","decl":{"start":{"line":175,"column":27},"end":{"line":175,"column":28}},"loc":{"start":{"line":175,"column":69},"end":{"line":195,"column":1}},"line":175},"45":{"name":"(anonymous_45)","decl":{"start":{"line":176,"column":20},"end":{"line":176,"column":21}},"loc":{"start":{"line":176,"column":41},"end":{"line":194,"column":2}},"line":176},"46":{"name":"(anonymous_46)","decl":{"start":{"line":188,"column":10},"end":{"line":188,"column":11}},"loc":{"start":{"line":188,"column":20},"end":{"line":188,"column":33}},"line":188},"47":{"name":"(anonymous_47)","decl":{"start":{"line":189,"column":11},"end":{"line":189,"column":12}},"loc":{"start":{"line":189,"column":22},"end":{"line":189,"column":35}},"line":189}},"branchMap":{},"s":{"0":1,"1":1,"2":0,"3":0,"4":0,"5":0,"6":0,"7":0,"8":1,"9":0,"10":0,"11":0,"12":0,"13":0,"14":0,"15":1,"16":0,"17":0,"18":0,"19":0,"20":0,"21":0,"22":1,"23":0,"24":0,"25":0,"26":0,"27":0,"28":0,"29":1,"30":0,"31":0,"32":0,"33":0,"34":0,"35":0,"36":1,"37":0,"38":0,"39":0,"40":0,"41":0,"42":0,"43":1,"44":0,"45":0,"46":0,"47":0,"48":0,"49":0,"50":1,"51":0,"52":0,"53":0,"54":0,"55":0,"56":0,"57":1,"58":0,"59":0,"60":0,"61":0,"62":0,"63":0,"64":1,"65":0,"66":0,"67":0,"68":0,"69":0,"70":0,"71":0,"72":1,"73":0,"74":0,"75":0,"76":0,"77":0,"78":0,"79":1,"80":0,"81":0,"82":0,"83":0,"84":0,"85":0,"86":0,"87":1},"f":{"0":0,"1":0,"2":0,"3":0,"4":0,"5":0,"6":0,"7":0,"8":0,"9":0,"10":0,"11":0,"12":0,"13":0,"14":0,"15":0,"16":0,"17":0,"18":0,"19":0,"20":0,"21":0,"22":0,"23":0,"24":0,"25":0,"26":0,"27":0,"28":0,"29":0,"30":0,"31":0,"32":0,"33":0,"34":0,"35":0,"36":0,"37":0,"38":0,"39":0,"40":0,"41":0,"42":0,"43":0,"44":0,"45":0,"46":0,"47":0},"b":{},"_coverageSchema":"1a1c01bbd47fc00a2c39e90264f33305004495a9","hash":"b7d24abafb1c139d81f7392919424aacef9146f1"}
,"/home/3h45k4r/Desktop/CRM-ticketing-system/client-api/src/model/ticket/Ticket.schema.js": {"path":"/home/3h45k4r/Desktop/CRM-ticketing-system/client-api/src/model/ticket/Ticket.schema.js","statementMap":{"0":{"start":{"line":1,"column":17},"end":{"line":1,"column":36}},"1":{"start":{"line":2,"column":15},"end":{"line":2,"column":30}},"2":{"start":{"line":4,"column":21},"end":{"line":51,"column":2}},"3":{"start":{"line":53,"column":0},"end":{"line":53,"column":56}}},"fnMap":{},"branchMap":{},"s":{"0":1,"1":1,"2":1,"3":1},"f":{},"b":{},"_coverageSchema":"1a1c01bbd47fc00a2c39e90264f33305004495a9","hash":"9481bca871684d35f67c46c932be2140b056c1fd"}
,"/home/3h45k4r/Desktop/CRM-ticketing-system/client-api/src/model/user/User.model.js": {"path":"/home/3h45k4r/Desktop/CRM-ticketing-system/client-api/src/model/user/User.model.js","statementMap":{"0":{"start":{"line":1,"column":19},"end":{"line":1,"column":43}},"1":{"start":{"line":3,"column":19},"end":{"line":10,"column":1}},"2":{"start":{"line":4,"column":1},"end":{"line":9,"column":4}},"3":{"start":{"line":5,"column":2},"end":{"line":8,"column":36}},"4":{"start":{"line":7,"column":19},"end":{"line":7,"column":32}},"5":{"start":{"line":8,"column":21},"end":{"line":8,"column":34}},"6":{"start":{"line":12,"column":23},"end":{"line":28,"column":1}},"7":{"start":{"line":13,"column":1},"end":{"line":27,"column":4}},"8":{"start":{"line":14,"column":2},"end":{"line":14,"column":27}},"9":{"start":{"line":14,"column":14},"end":{"line":14,"column":27}},"10":{"start":{"line":16,"column":2},"end":{"line":26,"column":3}},"11":{"start":{"line":17,"column":3},"end":{"line":23,"column":6}},"12":{"start":{"line":18,"column":4},"end":{"line":21,"column":5}},"13":{"start":{"line":19,"column":5},"end":{"line":19,"column":24}},"14":{"start":{"line":20,"column":5},"end":{"line":20,"column":19}},"15":{"start":{"line":22,"column":4},"end":{"line":22,"column":18}},"16":{"start":{"line":25,"column":3},"end":{"line":25,"column":17}},"17":{"start":{"line":30,"column":20},"end":{"line":46,"column":1}},"18":{"start":{"line":31,"column":1},"end":{"line":45,"column":4}},"19":{"start":{"line":32,"column":2},"end":{"line":32,"column":25}},"20":{"start":{"line":32,"column":12},"end":{"line":32,"column":25}},"21":{"start":{"line":34,"column":2},"end":{"line":44,"column":3}},"22":{"start":{"line":35,"column":3},"end":{"line":41,"column":6}},"23":{"start":{"line":36,"column":4},"end":{"line":39,"column":5}},"24":{"start":{"line":37,"column":5},"end":{"line":37,"column":24}},"25":{"start":{"line":38,"column":5},"end":{"line":38,"column":19}},"26":{"start":{"line":40,"column":4},"end":{"line":40,"column":18}},"27":{"start":{"line":43,"column":3},"end":{"line":43,"column":17}},"28":{"start":{"line":48,"column":28},"end":{"line":68,"column":1}},"29":{"start":{"line":49,"column":1},"end":{"line":67,"column":4}},"30":{"start":{"line":50,"column":2},"end":{"line":66,"column":3}},"31":{"start":{"line":51,"column":3},"end":{"line":62,"column":7}},"32":{"start":{"line":58,"column":20},"end":{"line":58,"column":33}},"33":{"start":{"line":60,"column":5},"end":{"line":60,"column":24}},"34":{"start":{"line":61,"column":5},"end":{"line":61,"column":19}},"35":{"start":{"line":64
[...]
esktop/CRM-ticketing-system/client-api/src/routers/token.router.js","statementMap":{"0":{"start":{"line":1,"column":16},"end":{"line":1,"column":34}},"1":{"start":{"line":2,"column":15},"end":{"line":2,"column":31}},"2":{"start":{"line":4,"column":46},"end":{"line":4,"column":78}},"3":{"start":{"line":5,"column":30},"end":{"line":5,"column":67}},"4":{"start":{"line":6,"column":27},"end":{"line":6,"column":62}},"5":{"start":{"line":9,"column":0},"end":{"line":40,"column":3}},"6":{"start":{"line":10,"column":27},"end":{"line":10,"column":38}},"7":{"start":{"line":14,"column":17},"end":{"line":14,"column":54}},"8":{"start":{"line":15,"column":1},"end":{"line":38,"column":2}},"9":{"start":{"line":17,"column":22},"end":{"line":17,"column":57}},"10":{"start":{"line":19,"column":2},"end":{"line":37,"column":3}},"11":{"start":{"line":20,"column":25},"end":{"line":20,"column":55}},"12":{"start":{"line":21,"column":26},"end":{"line":21,"column":54}},"13":{"start":{"line":23,"column":3},"end":{"line":25,"column":5}},"14":{"start":{"line":26,"column":21},"end":{"line":26,"column":31}},"15":{"start":{"line":28,"column":3},"end":{"line":30,"column":4}},"16":{"start":{"line":29,"column":4},"end":{"line":29,"column":68}},"17":{"start":{"line":32,"column":21},"end":{"line":35,"column":4}},"18":{"start":{"line":36,"column":3},"end":{"line":36,"column":53}},"19":{"start":{"line":39,"column":1},"end":{"line":39,"column":55}},"20":{"start":{"line":43,"column":0},"end":{"line":76,"column":3}},"21":{"start":{"line":44,"column":27},"end":{"line":44,"column":38}},"22":{"start":{"line":48,"column":17},"end":{"line":48,"column":54}},"23":{"start":{"line":49,"column":1},"end":{"line":73,"column":2}},"24":{"start":{"line":51,"column":23},"end":{"line":51,"column":61}},"25":{"start":{"line":52,"column":2},"end":{"line":52,"column":46}},"26":{"start":{"line":53,"column":2},"end":{"line":72,"column":3}},"27":{"start":{"line":54,"column":25},"end":{"line":54,"column":56}},"28":{"start":{"line":55,"column":26},"end":{"line":55,"column":55}},"29":{"start":{"line":57,"column":3},"end":{"line":60,"column":5}},"30":{"start":{"line":61,"column":21},"end":{"line":61,"column":31}},"31":{"start":{"line":63,"column":3},"end":{"line":65,"column":4}},"32":{"start":{"line":64,"column":4},"end":{"line":64,"column":68}},"33":{"start":{"line":67,"column":21},"end":{"line":70,"column":4}},"34":{"start":{"line":71,"column":3},"end":{"line":71,"column":53}},"35":{"start":{"line":75,"column":1},"end":{"line":75,"column":55}},"36":{"start":{"line":78,"column":0},"end":{"line":78,"column":24}}},"fnMap":{"0":{"name":"(anonymous_0)","decl":{"start":{"line":9,"column":22},"end":{"line":9,"column":23}},"loc":{"start":{"line":9,"column":48},"end":{"line":40,"column":1}},"line":9},"1":{"name":"(anonymous_1)","decl":{"start":{"line":43,"column":21},"end":{"line":43,"column":22}},"loc":{"start":{"line":43,"column":47},"end":{"line":76,"column":1}},"line":43}},"branchMap":{"0":{"loc":{"start":{"line":15,"column":1},"end":{"line":38,"column":2}},"type":"if","locations":[{"start":{"line":15,"column":1},"end":{"line":38,"column":2}},{"start":{},"end":{}}],"line":15},"1":{"loc":{"start":{"line":19,"column":2},"end":{"line":37,"column":3}},"type":"if","locations":[{"start":{"line":19,"column":2},"end":{"line":37,"column":3}},{"start":{},"end":{}}],"line":19},"2":{"loc":{"start":{"line":28,"column":3},"end":{"line":30,"column":4}},"type":"if","locations":[{"start":{"line":28,"column":3},"end":{"line":30,"column":4}},{"start":{},"end":{}}],"line":28},"3":{"loc":{"start":{"line":28,"column":7},"end":{"line":28,"column":70}},"type":"binary-expr","locations":[{"start":{"line":28,"column":7},"end":{"line":28,"column":34}},{"start":{"line":28,"column":38},"end":{"line":28,"column":70}}],"line":28},"4":{"loc":{"start":{"line":49,"column":1},"end":{"line":73,"column":2}},"type":"if","locations":[{"start":{"line":49,"column":1},"end":{"line":73,"column":2}},{"start":{},"end":{}}],"line":49},"5":{"loc":{"start":{"line":53,"column":2},"end":{"line":72,"column":3}},"type":"if","locations":[{"start":{"line":53,"column":2},"end":{"line":72,"column":3}},{"start":{},"end":{}}],"line":53},"6":{"loc":{"start":{"line":63,"column":3},"end":{"line":65,"column":4}},"type":"if","locations":[{"start":{"line":63,"column":3},"end":{"line":65,"column":4}},{"start":{},"end":{}}],"line":63},"7":{"loc":{"start":{"line":63,"column":7},"end":{"line":63,"column":70}},"type":"binary-expr","locations":[{"start":{"line":63,"column":7},"end":{"line":63,"column":34}},{"start":{"line":63,"column":38},"end":{"line":63,"column":70}}],"line":63}},"s":{"0":1,"1":1,"2":1,"3":1,"4":1,"5":1,"6":0,"7":0,"8":0,"9":0,"10":0,"11":0,"12":0,"13":0,"14":0,"15":0,"16":0,"17":0,"18":0,"19":0,"20":1,"21":0,"22":0,"23":0,"24":0,"25":0,"26":0,"27":0,"28":0,"29":0,"30":0,"31":0,"32":0,"33":0,"34":0,"35":0,"36":1},"f":{"0":0,"1":0},"b":{"0":[0,0],"1":[0,0],"2":[0,0],"3":[0,0],"4":[0,0],"5":[0,0],"6":[0,0],"7":[0,0]},"_coverageSchema":"1a1c01bbd47fc00a2c39e90264f33305004495a9","hash":"3e0d8d3597bae74b978907ce1b371fef68262eac"}
,"/home/3h45k4r/Desktop/CRM-ticketing-system/client-api/src/routers/user.router.js": {"path":"/home/3h45k4r/Desktop/CRM-ticketing-system/client-api/src/routers/user.router.js","statementMap":{"0":{"start":{"line":1,"column":16},"end":{"line":1,"column":34}},"1":{"start":{"line":2,"column":15},"end":{"line":2,"column":31}},"2":{"start":{"line":11,"column":4},"end":{"line":11,"column":39}},"3":{"start":{"line":15,"column":4},"end":{"line":15,"column":46}},"4":{"start":{"line":16,"column":46},"end":{"line":16,"column":78}},"5":{"start":{"line":17,"column":30},"end":{"line":17,"column":79}},"6":{"start":{"line":22,"column":4},"end":{"line":22,"column":47}},"7":{"start":{"line":23,"column":27},"end":{"line":23,"column":61}},"8":{"start":{"line":28,"column":4},"end":{"line":28,"column":54}},"9":{"start":{"line":29,"column":22},"end":{"line":29,"column":56}},"10":{"start":{"line":31,"column":20},"end":{"line":31,"column":44}},"11":{"start":{"line":32,"column":18},"end":{"line":32,"column":47}},"12":{"start":{"line":34,"column":0},"end":{"line":39,"column":3}},"13":{"start":{"line":38,"column":1},"end":{"line":38,"column":8}},"14":{"start":{"line":42,"column":0},"end":{"line":51,"column":3}},"15":{"start":{"line":43,"column":30},"end":{"line":43,"column":42}},"16":{"start":{"line":44,"column":1},"end":{"line":50,"column":4}},"17":{"start":{"line":54,"column":0},"end":{"line":71,"column":3}},"18":{"start":{"line":55,"column":1},"end":{"line":70,"column":2}},"19":{"start":{"line":56,"column":25},"end":{"line":56,"column":33}},"20":{"start":{"line":58,"column":17},"end":{"line":58,"column":45}},"21":{"start":{"line":59,"column":2},"end":{"line":59,"column":22}},"22":{"start":{"line":60,"column":2},"end":{"line":65,"column":3}},"23":{"start":{"line":61,"column":3},"end":{"line":64,"column":6}},"24":{"start":{"line":66,"column":2},"end":{"line":66,"column":67}},"25":{"start":{"line":68,"column":2},"end":{"line":68,"column":29}},"26":{"start":{"line":69,"column":2},"end":{"line":69,"column":60}},"27":{"start":{"line":74,"column":0},"end":{"line":104,"column":3}},"28":{"start":{"line":75,"column":60},"end":{"line":75,"column":68}},"29":{"start":{"line":77,"column":1},"end":{"line":103,"column":2}},"30":{"start":{"line":79,"column":21},"end":{"line":79,"column":49}},"31":{"start":{"line":80,"column":21},"end":{"line":87,"column":3}},"32":{"start":{"line":88,"column":17},"end":{"line":88,"column":45}},"33":{"start":{"line":89,"column":2},"end":{"line":89,"column":22}},"34":{"start":{"line":92,"column":2},"end":{"line":96,"column":5}},"35":{"start":{"line":98,"column":2},"end":{"line":98,"column":71}},"36":{"start":{"line":100,"column":2},"end":{"line":100,"column":21}},"37":{"start":{"line":101,"column":16},"end":{"line":101,"column":74}},"38":{"start":{"line":102,"column":2},"end":{"line":102,"column":41}},"39":{"start":{"line":107,"column":0},"end":{"line":154,"column":3}},"40":{"start":{"line":108,"column":1},"end":{"line":108,"column":23}},"41":{"start":{"line":110,"column":29},"end":{"line":110,"column":37}},"42":{"start":{"line":113,"column":1},"end":{"line":115,"column":2}},"43":{"start":{"line":114,"column":2},"end":{"line":114,"column":75}},"44":{"start":{"line":118,"column":14},"end":{"line":118,"column":41}},"45":{"start":{"line":121,"column":1},"end":{"line":123,"column":2}},"46":{"start":{"line":122,"column":2},"end":{"line":122,"column":66}},"47":{"start":{"line":126,"column":1},"end":{"line":128,"column":2}},"48":{"start":{"line":127,"column":2},"end":{"line":127,"column":72}},"49":{"start":{"line":132,"column":20},"end":{"line":132,"column":59}},"50":{"start":{"line":133,"column":1},"end":{"line":135,"column":2}},"51":{"start":{"line":134,"column":2},"end":{"line":134,"column":77}},"52":{"start":{"line":137,"column":16},"end":{"line":137,"column":59}},"53":{"start":{"line":139,"column":1},"end":{"line":142,"column":2}},"54":{"start":{"line":141,"column":2},"end":{"line":141,"column":77}},"55":{"start":{"line":145,"column":19},"end":{"line":145,"column":67}},"56":{"start":{"line":146,"column":20},"end":{"line":146,"column":69}},"57":{"start":{"line":148,"column":1},"end":{"line":153,"column":4}},"58":{"start":{"line":158,"column":0},"end":{"line":185,"column":3}},"59":{"start":{"line":160,"column":19},"end":{"line":160,"column":27}},"60":{"start":{"line":162,"column":14},"end":{"line":162,"column":41}},"61":{"start":{"line":164,"column":1},"end":{"line":178,"column":2}},"62":{"start":{"line":166,"column":17},"end":{"line":166,"column":49}},"63":{"start":{"line":168,"column":2},"end":{"line":172,"column":5}},"64":{"start":{"line":173,"column":2},"end":{"line":177,"column":5}},"65":{"start":{"line":180,"column":1},"end":{"line":184,"column":4}},"66":{"start":{"line":188,"column":0},"end":{"line":227,"column":3}},"67":{"start":{"line":190,"column":37},"end":{"line":190,"column":45}},"68":{"start":{"line":192,"column":16},"end":{"line":192,"column":50}},"69":{"start":{"line":194,"column":1},"end":{"line":221,"column":2}},"70":{"start":{"line":195,"column":17},"end":{"line":195,"column":31}},"71":{"start":{"line":196,"column":20},"end":{"line":196,"column":47}},"72":{"start":{"line":198,"column":16},"end":{"line":198,"column":60}},"73":{"start":{"line":199,"column":16},"end":{"line":199,"column":26}},"74":{"start":{"line":200,"column":2},"end":{"line":200,"column":16}},"75":{"start":{"line":202,"column":2},"end":{"line":204,"column":3}},"76":{"start":{"line":203,"column":3},"end":{"line":203,"column":75}},"77":{"start":{"line":206,"column":19},"end":{"line":206,"column":50}},"78":{"start":{"line":208,"column":17},"end":{"line":208,"column":54}},"79":{"start":{"line":210,"column":2},"end":{"line":220,"column":3}},"80":{"start":{"line":212,"column":3},"end":{"line":212,"column":68}},"81":{"start":{"line":214,"column":3},"end":{"line":214,"column":25}},"82":{"start":{"line":216,"column":3},"end":{"line":219,"column":6}},"83":{"start":{"line":223,"column":1},"end":{"line":226,"column":4}},"84":{"start":{"line":230,"column":0},"end":{"line":244,"column":3}},"85":{"start":{"line":231,"column":27},"end":{"line":231,"column":38}},"86":{"start":{"line":233,"column":17},"end":{"line":233,"column":29}},"87":{"start":{"line":236,"column":1},"end":{"line":236,"column":26}},"88":{"start":{"line":239,"column":16},"end":{"line":239,"column":50}},"89":{"start":{"line":241,"column":1},"end":{"line":243,"column":2}},"90":{"start":{"line":242,"column":2},"end":{"line":242,"column":77}},"91":{"start":{"line":246,"column":0},"end":{"line":246,"column":24}}},"fnMap":{"0":{"name":"(anonymous_0)","decl":{"start":{"line":34,"column":16},"end":{"line":34,"column":17}},"loc":{"start":{"line":34,"column":36},"end":{"line":39,"column":1}},"line":34},"1":{"name":"(anonymous_1)","decl":{"start":{"line":42,"column":35},"end":{"line":42,"column":36}},"loc":{"start":{"line":42,"column":55},"end":{"line":51,"column":1}},"line":42},"2":{"name":"(anonymous_2)","decl":{"start":{"line":54,"column":24},"end":{"line":54,"column":25}},"loc":{"start":{"line":54,"column":44},"end":{"line":71,"column":1}},"line":54},"3":{"name":"(anonymous_3)","decl":{"start":{"line":74,"column":39},"end":{"line":74,"column":40}},"loc":{"start":{"line":74,"column":59},"end":{"line":104,"column":1}},"line":74},"4":{"name":"(anonymous_4)","decl":{"start":{"line":107,"column":22},"end":{"line":107,"column":23}},"loc":{"start":{"line":107,"column":42},"end":{"line":154,"column":1}},"line":107},"5":{"name":"(anonymous_5)","decl":{"start":{"line":158,"column":48},"end":{"line":158,"column":49}},"loc":{"start":{"line":158,"column":68},"end":{"line":185,"column":1}},"line":158},"6":{"name":"(anonymous_6)","decl":{"start":{"line":188,"column":57},"end":{"line":188,"column":58}},"loc":{"start":{"line":188,"column":77},"end":{"line":227,"column":1}},"line":188},"7":{"name":"(anonymous_7)","decl":{"start":{"line":230,"column":44},"end":{"line":230,"column":45}},"loc":{"start":{"line":230,"column":64},"end":{"line":244,"column":1}},"line":230}},"branchMap":{"0":{"loc":{"start":{"line":60,"column":2},"end":{"line":65,"column":3}},"type":"if","locations":[{"start":{"line":60,"column":2},"end":{"line":65,"column":3}},{"start":{},"end":{}}],"line":60},"1":{"loc":{"start":{"line":60,"column":6},"end":{"line":60,"column":26}},"type":"binary-expr","locations":[{"start":{"line":60,"column":6},"end":{"line":60,"column":12}},{"start":{"line":60,"column":16},"end":{"line":60,"column":26}}],"line":60},"2":{"loc":{"start":{"line":113,"column":1},"end":{"line":115,"column":2}},"type":"if","locations":[{"start":{"line":113,"column":1},"end":{"line":115,"column":2}},{"start":{},"end":{}}],"line":113},"3":{"loc":{"start":{"line":113,"column":5},"end":{"line":113,"column":24}},"type":"binary-expr","locations":[{"start":{"line":113,"column":5},"end":{"line":113,"column":11}},{"start":{"line":113,"column":15},"end":{"line":113,"column":24}}],"line":113},"4":{"loc":{"start":{"line":121,"column":1},"end":{"line":123,"column":2}},"type":"if","locations":[{"start":{"line":121,"column":1},"end":{"line":123,"column":2}},{"start":{},"end":{}}],"line":121},"5":{"loc":{"start":{"line":126,"column":1},"end":{"line":128,"column":2}},"type":"if","locations":[{"start":{"line":126,"column":1},"end":{"line":128,"column":2}},{"start":{},"end":{}}],"line":126},"6":{"loc":{"start":{"line":132,"column":20},"end":{"line":132,"column":59}},"type":"cond-expr","locations":[{"start":{"line":132,"column":39},"end":{"line":132,"column":52}},{"start":{"line":132,"column":55},"end":{"line":132,"column":59}}],"line":132},"7":{"loc":{"start":{"line":132,"column":20},"end":{"line":132,"column":36}},"type":"binary-expr","locations":[{"start":{"line":132,"column":20},"end":{"line":132,"column":24}},{"start":{"line":132,"column":28},"end":{"line":132,"column":36}}],"line":132},"8":{"loc":{"start":{"line":133,"column":1},"end":{"line":135,"column":2}},"type":"if","locations":[{"start":{"line":133,"column":1},"end":{"line":135,"column":2}},{"start":{},"end":{}}],"line":133},"9":{"loc":{"start":{"line":139,"column":1},"end":{"line":142,"column":2}},"type":"if","locations":[{"start":{"line":139,"column":1},"end":{"line":142,"column":2}},{"start":{},"end":{}}],"line":139},"10":{"loc":{"start":{"line":164,"column":1},"end":{"line":178,"column":2}},"type":"if","locations":[{"start":{"line":164,"column":1},"end":{"line":178,"column":2}},{"start":{},"end":{}}],"line":164},"11":{"loc":{"start":{"line":164,"column":5},"end":{"line":164,"column":20}},"type":"binary-expr","locations":[{"start":{"line":164,"column":5},"end":{"line":164,"column":9}},{"start":{"line":164,"column":13},"end":{"line":164,"column":20}}],"line":164},"12":{"loc":{"start":{"line":194,"column":1},"end":{"line":221,"column":2}},"type":"if","locations":[{"start":{"line":194,"column":1},"end":{"line":221,"column":2}},{"start":{},"end":{}}],"line":194},"13":{"loc":{"start":{"line":194,"column":5},"end":{"line":194,"column":25}},"type":"binary-expr","locations":[{"start":{"line":194,"column":5},"end":{"line":194,"column":11}},{"start":{"line":194,"column":15},"end":{"line":194,"column":25}}],"line":194},"14":{"loc":{"start":{"line":202,"column":2},"end":{"line":204,"column":3}},"type":"if","locations":[{"start":{"line":202,"column":2},"end":{"line":204,"column":3}},{"start":{},"end":{}}],"line":202},"15":{"loc":{"start":{"line":210,"column":2},"end":{"line":220,"column":3}},"type":"if","locations":[{"start":{"line":210,"column":2},"end":{"line":220,"column":3}},{"start":{},"end":{}}],"line":210},"16":{"loc":{"start":{"line":241,"column":1},"end":{"line":243,"column":2}},"type":"if","locations":[{"start":{"line":241,"column":1},"end":{"line":243,"column":2}},{"start":{},"end":{}}],"line":241}},"s":{"0":1,"1":1,"2":1,"3":1,"4":1,"5":1,"6":1,"7":1,"8":1,"9":1,"10":1,"11":1,"12":1,"13":0,"14":1,"15":0,"16":0,"17":1,"18":0,"19":0,"20":0,"21":0,"22":0,"23":0,"24":0,"25":0,"26":0,"27":1,"28":0,"29":0,"30":0,"31":0,"32":0,"33":0,"34":0,"35":0,"36":0,"37":0,"38":0,"39":1,"40":0,"41":0,"42":0,"43":0,"44":0,"45":0,"46":0,"47":0,"48":0,"49":0,"50":0,"51":0,"52":0,"53":0,"54":0,"55":0,"56":0,"57":0,"58":1,"59":0,"60":0,"61":0,"62":0,"63":0,"64":0,"65":0,"66":1,"67":0,"68":0,"69":0,"70":0,"71":0,"72":0,"73":0,"74":0,"75":0,"76":0,"77":0,"78":0,"79":0,"80":0,"81":0,"82":0,"83":0,"84":1,"85":0,"86":0,"87":0,"88":0,"89":0,"90":0,"91":1},"f":{"0":0,"1":0,"2":0,"3":0,"4":0,"5":0,"6":0,"7":0},"b":{"0":[0,0],"1":[0,0],"2":[0,0],"3":[0,0],"4":[0,0],"5":[0,0],"6":[0,0],"7":[0,0],"8":[0,0],"9":[0,0],"10":[0,0],"11":[0,0],"12":[0,0],"13":[0,0],"14":[0,0],"15":[0,0],"16":[0,0]},"_coverageSchema":"1a1c01bbd47fc00a2c39e90264f33305004495a9","hash":"caadd37829bb2da852fbb731bdb60d4a7aad03ac"}
,"/home/3h45k4r/Desktop/CRM-ticketing-system/client-api/src/utils/errorHandler.js": {"path":"/home/3h45k4r/Desktop/CRM-ticketing-system/client-api/src/utils/errorHandler.js","statementMap":{"0":{"start":{"line":1,"column":20},"end":{"line":7,"column":1}},"1":{"start":{"line":2,"column":1},"end":{"line":2,"column":20}},"2":{"start":{"line":3,"column":1},"end":{"line":3,"column":33}},"3":{"start":{"line":4,"column":1},"end":{"line":6,"column":4}},"4":{"start":{"line":9,"column":0},"end":{"line":9,"column":29}}},"fnMap":{"0":{"name":"(anonymous_0)","decl":{"start":{"line":1,"column":20},"end":{"line":1,"column":21}},"loc":{"start":{"line":1,"column":36},"end":{"line":7,"column":1}},"line":1}},"branchMap":{"0":{"loc":{"start":{"line":3,"column":12},"end":{"line":3,"column":31}},"type":"binary-expr","locations":[{"start":{"line":3,"column":12},"end":{"line":3,"column":24}},{"start":{"line":3,"column":28},"end":{"line":3,"column":31}}],"line":3}},"s":{"0":1,"1":0,"2":0,"3":0,"4":1},"f":{"0":0},"b":{"0":[0,0]},"_coverageSchema":"1a1c01bbd47fc00a2c39e90264f33305004495a9","hash":"3567e669fa995ed5b70fcd88bcd0e96710cd7746"}
,"/home/3h45k4r/Desktop/CRM-ticketing-system/client-api/src/utils/randomNumberGenerator.js": {"path":"/home/3h45k4r/Desktop/CRM-ticketing-system/client-api/src/utils/randomNumberGenerator.js","statementMap":{"0":{"start":{"line":1,"column":24},"end":{"line":9,"column":1}},"1":{"start":{"line":3,"column":11},"end":{"line":3,"column":13}},"2":{"start":{"line":5,"column":1},"end":{"line":7,"column":2}},"3":{"start":{"line":5,"column":14},"end":{"line":5,"column":15}},"4":{"start":{"line":6,"column":2},"end":{"line":6,"column":40}},"5":{"start":{"line":8,"column":1},"end":{"line":8,"column":12}},"6":{"start":{"line":10,"column":0},"end":{"line":10,"column":37}}},"fnMap":{"0":{"name":"(anonymous_0)","decl":{"start":{"line":1,"column":24},"end":{"line":1,"column":25}},"loc":{"start":{"line":1,"column":36},"end":{"line":9,"column":1}},"line":1}},"branchMap":{},"s":{"0":1,"1":0,"2":0,"3":0,"4":0,"5":0,"6":1},"f":{"0":0},"b":{},"_coverageSchema":"1a1c01bbd47fc00a2c39e90264f33305004495a9","hash":"dcf9c9069ebb9d715f41f5b03084594872ca7374"}
}
