TN:
SF:app.js
FN:23,(anonymous_0)
FN:28,(anonymous_1)
FN:31,(anonymous_2)
FN:73,(anonymous_3)
FN:79,(anonymous_4)
FNF:5
FNH:2
FNDA:3,(anonymous_0)
FNDA:0,(anonymous_1)
FNDA:0,(anonymous_2)
FNDA:0,(anonymous_3)
FNDA:1,(anonymous_4)
DA:1,3
DA:2,3
DA:3,3
DA:4,3
DA:5,3
DA:6,3
DA:7,3
DA:8,3
DA:10,3
DA:16,3
DA:19,3
DA:20,3
DA:21,3
DA:23,3
DA:24,3
DA:25,3
DA:26,3
DA:27,3
DA:28,3
DA:29,0
DA:31,3
DA:32,0
DA:36,0
DA:37,0
DA:41,3
DA:44,3
DA:47,3
DA:48,3
DA:51,3
DA:52,3
DA:53,3
DA:54,3
DA:55,3
DA:56,3
DA:58,3
DA:59,3
DA:60,3
DA:61,3
DA:62,3
DA:63,3
DA:65,3
DA:71,3
DA:73,3
DA:74,0
DA:75,0
DA:76,0
DA:79,3
DA:80,1
DA:86,3
LF:49
LH:42
BRDA:26,0,0,3
BRDA:26,0,1,0
BRF:2
BRH:1
end_of_record
TN:
SF:src/controllers/authControllers.js
FN:14,(anonymous_0)
FN:56,(anonymous_1)
FNF:2
FNH:0
FNDA:0,(anonymous_0)
FNDA:0,(anonymous_1)
DA:4,3
DA:6,3
DA:11,3
DA:12,3
DA:14,3
DA:15,0
DA:16,0
DA:18,0
DA:19,0
DA:25,0
DA:26,0
DA:27,0
DA:33,0
DA:37,0
DA:41,0
DA:45,0
DA:51,0
DA:52,0
DA:56,3
DA:57,0
DA:59,0
DA:60,0
DA:68,0
DA:69,0
DA:71,0
DA:72,0
LF:26
LH:6
BRDA:18,0,0,0
BRDA:18,0,1,0
BRDA:18,1,0,0
BRDA:18,1,1,0
BRDA:26,2,0,0
BRDA:26,2,1,0
BRF:6
BRH:0
end_of_record
TN:
SF:src/helpers/bcrypt.helper.js
FN:4,(anonymous_0)
FN:5,(anonymous_1)
FN:10,(anonymous_2)
FN:11,(anonymous_3)
FN:12,(anonymous_4)
FNF:5
FNH:5
FNDA:12,(anonymous_0)
FNDA:12,(anonymous_1)
FNDA:6,(anonymous_2)
FNDA:6,(anonymous_3)
FNDA:6,(anonymous_4)
DA:1,3
DA:2,3
DA:4,3
DA:5,12
DA:6,12
DA:10,3
DA:11,6
DA:12,6
DA:13,6
DA:15,6
DA:20,3
LF:11
LH:11
BRDA:13,0,0,0
BRDA:13,0,1,6
BRF:2
BRH:1
end_of_record
TN:
SF:src/helpers/email.helper.js
FN:13,(anonymous_0)
FN:14,(anonymous_1)
FN:33,(anonymous_2)
FNF:3
FNH:3
FNDA:10,(anonymous_0)
FNDA:10,(anonymous_1)
FNDA:10,(anonymous_2)
DA:1,3
DA:3,3
DA:13,3
DA:14,10
DA:15,10
DA:17,10
DA:18,0
DA:23,0
DA:25,0
DA:27,0
DA:28,0
DA:33,3
DA:35,10
DA:36,10
DA:38,0
DA:52,0
DA:53,0
DA:55,0
DA:63,0
DA:64,0
DA:66,10
DA:75,10
DA:76,10
DA:78,0
DA:86,0
DA:87,0
DA:90,0
DA:94,3
LF:28
LH:13
BRDA:33,0,0,0
BRDA:36,1,0,0
BRDA:36,1,1,0
BRDA:36,1,2,10
BRDA:36,1,3,0
BRDA:36,1,4,0
BRF:6
BRH:1
end_of_record
TN:
SF:src/helpers/jwt.helper.js
FN:7,(anonymous_0)
FN:19,(anonymous_1)
FN:32,(anonymous_2)
FN:45,(anonymous_3)
FN:58,(anonymous_4)
FN:66,(anonymous_5)
FNF:6
FNH:3
FNDA:5,(anonymous_0)
FNDA:5,(anonymous_1)
FNDA:0,(anonymous_2)
FNDA:0,(anonymous_3)
FNDA:4,(anonymous_4)
FNDA:0,(anonymous_5)
DA:1,3
DA:2,3
DA:3,3
DA:4,3
DA:5,3
DA:7,3
DA:8,5
DA:9,5
DA:12,5
DA:13,5
DA:15,0
DA:19,3
DA:20,5
DA:21,5
DA:24,5
DA:25,5
DA:27,0
DA:28,0
DA:32,3
DA:33,0
DA:34,0
DA:37,0
DA:38,0
DA:40,0
DA:41,0
DA:45,3
DA:46,0
DA:47,0
DA:50,0
DA:51,0
DA:53,0
DA:54,0
DA:58,3
DA:59,4
DA:60,4
DA:62,1
DA:66,3
DA:67,0
DA:68,0
DA:70,0
DA:74,3
LF:41
LH:23
BRF:0
BRH:0
end_of_record
TN:
SF:src/helpers/redis.helper.js
FN:6,(anonymous_0)
FN:16,(anonymous_1)
FN:17,(anonymous_2)
FN:19,(anonymous_3)
FN:29,(anonymous_4)
FN:30,(anonymous_5)
FN:32,(anonymous_6)
FN:42,(anonymous_7)
FNF:8
FNH:6
FNDA:0,(anonymous_0)
FNDA:6,(anonymous_1)
FNDA:6,(anonymous_2)
FNDA:6,(anonymous_3)
FNDA:4,(anonymous_4)
FNDA:4,(anonymous_5)
FNDA:4,(anonymous_6)
FNDA:0,(anonymous_7)
DA:1,3
DA:3,3
DA:4,3
DA:6,3
DA:7,0
DA:16,3
DA:17,6
DA:18,6
DA:19,6
DA:20,6
DA:21,6
DA:24,0
DA:29,3
DA:30,4
DA:31,4
DA:32,4
DA:33,4
DA:34,4
DA:37,0
DA:42,3
DA:43,0
DA:44,0
DA:46,0
DA:50,3
LF:24
LH:18
BRDA:20,0,0,0
BRDA:20,0,1,6
BRDA:33,1,0,0
BRDA:33,1,1,4
BRF:4
BRH:2
end_of_record
TN:
SF:src/middleware/Authorization.middleware.js
FN:9,(anonymous_0)
FN:43,(anonymous_1)
FN:84,(anonymous_2)
FNF:3
FNH:1
FNDA:5,(anonymous_0)
FNDA:0,(anonymous_1)
FNDA:0,(anonymous_2)
DA:1,3
DA:2,3
DA:3,3
DA:4,3
DA:5,3
DA:9,3
DA:10,5
DA:11,5
DA:12,5
DA:13,1
DA:16,4
DA:17,3
DA:18,0
DA:23,3
DA:24,3
DA:25,0
DA:30,3
DA:31,3
DA:32,2
DA:34,1
DA:35,1
DA:38,1
DA:43,3
DA:44,0
DA:46,0
DA:47,0
DA:48,0
DA:50,0
DA:51,0
DA:52,0
DA:53,0
DA:54,0
DA:60,0
DA:61,0
DA:62,0
DA:63,0
DA:69,0
DA:70,0
DA:71,0
DA:72,0
DA:74,0
DA:75,0
DA:76,0
DA:78,0
DA:84,3
DA:85,0
DA:87,0
DA:88,0
DA:89,0
DA:90,0
DA:95,0
DA:96,0
DA:97,0
DA:100,0
DA:102,0
DA:103,0
DA:108,0
DA:109,0
DA:112,3
LF:59
LH:23
BRDA:12,0,0,1
BRDA:12,0,1,4
BRDA:17,1,0,0
BRDA:17,1,1,3
BRDA:24,2,0,0
BRDA:24,2,1,3
BRDA:31,3,0,2
BRDA:31,3,1,1
BRDA:47,4,0,0
BRDA:47,4,1,0
BRDA:51,5,0,0
BRDA:51,5,1,0
BRDA:51,6,0,0
BRDA:51,6,1,0
BRDA:61,7,0,0
BRDA:61,7,1,0
BRDA:70,8,0,0
BRDA:70,8,1,0
BRDA:88,9,0,0
BRDA:88,9,1,0
BRDA:96,10,0,0
BRDA:96,10,1,0
BRDA:102,11,0,0
BRDA:102,11,1,0
BRF:24
BRH:6
end_of_record
TN:
SF:src/middleware/formValidation.middleware.js
FN:16,(anonymous_0)
FN:34,(anonymous_1)
FN:45,(anonymous_2)
FN:59,(anonymous_3)
FN:72,(anonymous_4)
FN:86,(anonymous_5)
FN:102,(anonymous_6)
FNF:7
FNH:1
FNDA:12,(anonymous_0)
FNDA:0,(anonymous_1)
FNDA:0,(anonymous_2)
FNDA:0,(anonymous_3)
FNDA:0,(anonymous_4)
FNDA:0,(anonymous_5)
FNDA:0,(anonymous_6)
DA:1,3
DA:3,3
DA:9,3
DA:10,3
DA:11,3
DA:12,3
DA:13,3
DA:14,3
DA:16,3
DA:18,12
DA:27,12
DA:28,12
DA:29,0
DA:31,12
DA:34,3
DA:36,0
DA:38,0
DA:39,0
DA:40,0
DA:42,0
DA:45,3
DA:47,0
DA:52,0
DA:53,0
DA:54,0
DA:56,0
DA:59,3
DA:60,0
DA:65,0
DA:66,0
DA:67,0
DA:69,0
DA:72,3
DA:73,0
DA:77,0
DA:78,0
DA:79,0
DA:81,0
DA:86,3
DA:87,0
DA:95,0
DA:96,0
DA:97,0
DA:99,0
DA:102,3
DA:103,0
DA:107,0
DA:108,0
DA:109,0
DA:111,0
DA:114,3
LF:51
LH:20
BRDA:28,0,0,0
BRDA:28,0,1,12
BRDA:39,1,0,0
BRDA:39,1,1,0
BRDA:53,2,0,0
BRDA:53,2,1,0
BRDA:66,3,0,0
BRDA:66,3,1,0
BRDA:78,4,0,0
BRDA:78,4,1,0
BRDA:96,5,0,0
BRDA:96,5,1,0
BRDA:108,6,0,0
BRDA:108,6,1,0
BRF:14
BRH:1
end_of_record
TN:
SF:src/model/admin/Admin.model.js
FN:3,(anonymous_0)
FN:4,(anonymous_1)
FN:7,(anonymous_2)
FN:8,(anonymous_3)
FN:12,(anonymous_4)
FN:13,(anonymous_5)
FN:17,(anonymous_6)
FN:32,(anonymous_7)
FN:33,(anonymous_8)
FN:37,(anonymous_9)
FN:50,(anonymous_10)
FN:51,(anonymous_11)
FN:60,(anonymous_12)
FN:61,(anonymous_13)
FNF:14
FNH:0
FNDA:0,(anonymous_0)
FNDA:0,(anonymous_1)
FNDA:0,(anonymous_2)
FNDA:0,(anonymous_3)
FNDA:0,(anonymous_4)
FNDA:0,(anonymous_5)
FNDA:0,(anonymous_6)
FNDA:0,(anonymous_7)
FNDA:0,(anonymous_8)
FNDA:0,(anonymous_9)
FNDA:0,(anonymous_10)
FNDA:0,(anonymous_11)
FNDA:0,(anonymous_12)
FNDA:0,(anonymous_13)
DA:1,3
DA:3,3
DA:4,0
DA:5,0
DA:7,0
DA:8,0
DA:12,3
DA:13,0
DA:14,0
DA:16,0
DA:17,0
DA:18,0
DA:19,0
DA:20,0
DA:23,0
DA:26,0
DA:27,0
DA:32,3
DA:33,0
DA:34,0
DA:36,0
DA:37,0
DA:38,0
DA:39,0
DA:40,0
DA:42,0
DA:45,0
DA:50,3
DA:51,0
DA:52,0
DA:53,0
DA:60,0
DA:62,0
DA:63,0
DA:66,0
DA:67,0
DA:72,3
LF:37
LH:6
BRDA:14,0,0,0
BRDA:14,0,1,0
BRDA:18,1,0,0
BRDA:18,1,1,0
BRDA:34,2,0,0
BRDA:34,2,1,0
BRDA:38,3,0,0
BRDA:38,3,1,0
BRF:8
BRH:0
end_of_record
TN:
SF:src/model/admin/Admin.schema.js
FNF:0
FNH:0
DA:1,3
DA:2,3
DA:4,3
DA:49,3
LF:4
LH:4
BRF:0
BRH:0
end_of_record
TN:
SF:src/model/employee/Employee.model.js
FN:3,(anonymous_0)
FN:4,(anonymous_1)
FN:7,(anonymous_2)
FN:8,(anonymous_3)
FN:12,(anonymous_4)
FN:13,(anonymous_5)
FN:17,(anonymous_6)
FN:32,(anonymous_7)
FN:33,(anonymous_8)
FN:37,(anonymous_9)
FN:50,(anonymous_10)
FN:51,(anonymous_11)
FN:60,(anonymous_12)
FN:61,(anonymous_13)
FN:73,(anonymous_14)
FN:74,(anonymous_15)
FN:77,(anonymous_16)
FN:78,(anonymous_17)
FNF:18
FNH:0
FNDA:0,(anonymous_0)
FNDA:0,(anonymous_1)
FNDA:0,(anonymous_2)
FNDA:0,(anonymous_3)
FNDA:0,(anonymous_4)
FNDA:0,(anonymous_5)
FNDA:0,(anonymous_6)
FNDA:0,(anonymous_7)
FNDA:0,(anonymous_8)
FNDA:0,(anonymous_9)
FNDA:0,(anonymous_10)
FNDA:0,(anonymous_11)
FNDA:0,(anonymous_12)
FNDA:0,(anonymous_13)
FNDA:0,(anonymous_14)
FNDA:0,(anonymous_15)
FNDA:0,(anonymous_16)
FNDA:0,(anonymous_17)
DA:1,3
DA:3,3
DA:4,0
DA:5,0
DA:7,0
DA:8,0
DA:12,3
DA:13,0
DA:14,0
DA:16,0
DA:17,0
DA:18,0
DA:19,0
DA:20,0
DA:23,0
DA:26,0
DA:27,0
DA:32,3
DA:33,0
DA:34,0
DA:36,0
DA:37,0
DA:38,0
DA:39,0
DA:40,0
DA:42,0
DA:45,0
DA:50,3
DA:51,0
DA:52,0
DA:53,0
DA:60,0
DA:62,0
DA:63,0
DA:66,0
DA:67,0
DA:73,3
DA:74,0
DA:75,0
DA:76,0
DA:77,0
DA:78,0
DA:80,0
DA:85,3
LF:44
LH:7
BRDA:14,0,0,0
BRDA:14,0,1,0
BRDA:18,1,0,0
BRDA:18,1,1,0
BRDA:34,2,0,0
BRDA:34,2,1,0
BRDA:38,3,0,0
BRDA:38,3,1,0
BRF:8
BRH:0
end_of_record
TN:
SF:src/model/employee/Employee.schema.js
FN:61,(anonymous_0)
FN:67,(anonymous_1)
FN:74,(anonymous_2)
FNF:3
FNH:0
FNDA:0,(anonymous_0)
FNDA:0,(anonymous_1)
FNDA:0,(anonymous_2)
DA:1,3
DA:2,3
DA:3,3
DA:5,3
DA:61,3
DA:62,0
DA:63,0
DA:67,3
DA:68,0
DA:69,0
DA:70,0
DA:74,3
DA:75,0
DA:76,0
DA:77,0
DA:78,0
DA:79,0
DA:81,0
DA:83,0
DA:86,3
LF:20
LH:8
BRDA:76,0,0,0
BRDA:76,0,1,0
BRDA:78,1,0,0
BRDA:78,1,1,0
BRF:4
BRH:0
end_of_record
TN:
SF:src/model/resetPin/ResetPin.model.js
FN:5,(anonymous_0)
FN:14,(anonymous_1)
FN:17,(anonymous_2)
FN:18,(anonymous_3)
FN:23,(anonymous_4)
FN:24,(anonymous_5)
FN:26,(anonymous_6)
FN:41,(anonymous_7)
FN:43,(anonymous_8)
FNF:9
FNH:0
FNDA:0,(anonymous_0)
FNDA:0,(anonymous_1)
FNDA:0,(anonymous_2)
FNDA:0,(anonymous_3)
FNDA:0,(anonymous_4)
FNDA:0,(anonymous_5)
FNDA:0,(anonymous_6)
FNDA:0,(anonymous_7)
FNDA:0,(anonymous_8)
DA:1,3
DA:2,3
DA:5,3
DA:6,0
DA:7,0
DA:9,0
DA:14,0
DA:15,0
DA:17,0
DA:18,0
DA:23,3
DA:24,0
DA:25,0
DA:26,0
DA:27,0
DA:28,0
DA:29,0
DA:31,0
DA:34,0
DA:35,0
DA:41,3
DA:42,0
DA:43,0
DA:44,0
DA:45,0
DA:49,0
DA:53,3
LF:27
LH:6
BRDA:27,0,0,0
BRDA:27,0,1,0
BRDA:44,1,0,0
BRDA:44,1,1,0
BRF:4
BRH:0
end_of_record
TN:
SF:src/model/resetPin/ResetPin.schema.js
FNF:0
FNH:0
DA:1,3
DA:2,3
DA:5,3
DA:23,3
LF:4
LH:4
BRF:0
BRH:0
end_of_record
TN:
SF:src/model/ticket/Ticket.model.js
FN:3,(anonymous_0)
FN:4,(anonymous_1)
FN:8,(anonymous_2)
FN:9,(anonymous_3)
FN:17,(anonymous_4)
FN:18,(anonymous_5)
FN:21,(anonymous_6)
FN:22,(anonymous_7)
FN:30,(anonymous_8)
FN:31,(anonymous_9)
FN:34,(anonymous_10)
FN:35,(anonymous_11)
FN:43,(anonymous_12)
FN:44,(anonymous_13)
FN:47,(anonymous_14)
FN:48,(anonymous_15)
FN:56,(anonymous_16)
FN:57,(anonymous_17)
FN:69,(anonymous_18)
FN:70,(anonymous_19)
FN:78,(anonymous_20)
FN:79,(anonymous_21)
FN:88,(anonymous_22)
FN:89,(anonymous_23)
FN:97,(anonymous_24)
FN:98,(anonymous_25)
FN:101,(anonymous_26)
FN:102,(anonymous_27)
FN:114,(anonymous_28)
FN:115,(anonymous_29)
FN:118,(anonymous_30)
FN:119,(anonymous_31)
FN:127,(anonymous_32)
FN:128,(anonymous_33)
FN:131,(anonymous_34)
FN:132,(anonymous_35)
FN:142,(anonymous_36)
FN:143,(anonymous_37)
FN:150,(anonymous_38)
FN:151,(anonymous_39)
FN:162,(anonymous_40)
FN:163,(anonymous_41)
FN:166,(anonymous_42)
FN:167,(anonymous_43)
FN:175,(anonymous_44)
FN:176,(anonymous_45)
FN:188,(anonymous_46)
FN:189,(anonymous_47)
FNF:48
FNH:0
FNDA:0,(anonymous_0)
FNDA:0,(anonymous_1)
FNDA:0,(anonymous_2)
FNDA:0,(anonymous_3)
FNDA:0,(anonymous_4)
FNDA:0,(anonymous_5)
FNDA:0,(anonymous_6)
FNDA:0,(anonymous_7)
FNDA:0,(anonymous_8)
FNDA:0,(anonymous_9)
FNDA:0,(anonymous_10)
FNDA:0,(anonymous_11)
FNDA:0,(anonymous_12)
FNDA:0,(anonymous_13)
FNDA:0,(anonymous_14)
FNDA:0,(anonymous_15)
FNDA:0,(anonymous_16)
FNDA:0,(anonymous_17)
FNDA:0,(anonymous_18)
FNDA:0,(anonymous_19)
FNDA:0,(anonymous_20)
FNDA:0,(anonymous_21)
FNDA:0,(anonymous_22)
FNDA:0,(anonymous_23)
FNDA:0,(anonymous_24)
FNDA:0,(anonymous_25)
FNDA:0,(anonymous_26)
FNDA:0,(anonymous_27)
FNDA:0,(anonymous_28)
FNDA:0,(anonymous_29)
FNDA:0,(anonymous_30)
FNDA:0,(anonymous_31)
FNDA:0,(anonymous_32)
FNDA:0,(anonymous_33)
FNDA:0,(anonymous_34)
FNDA:0,(anonymous_35)
FNDA:0,(anonymous_36)
FNDA:0,(anonymous_37)
FNDA:0,(anonymous_38)
FNDA:0,(anonymous_39)
FNDA:0,(anonymous_40)
FNDA:0,(anonymous_41)
FNDA:0,(anonymous_42)
FNDA:0,(anonymous_43)
FNDA:0,(anonymous_44)
FNDA:0,(anonymous_45)
FNDA:0,(anonymous_46)
FNDA:0,(anonymous_47)
DA:1,3
DA:3,3
DA:4,0
DA:5,0
DA:6,0
DA:8,0
DA:9,0
DA:12,0
DA:17,3
DA:18,0
DA:19,0
DA:20,0
DA:21,0
DA:22,0
DA:25,0
DA:30,3
DA:31,0
DA:32,0
DA:33,0
DA:34,0
DA:35,0
DA:38,0
DA:43,3
DA:44,0
DA:45,0
DA:46,0
DA:47,0
DA:48,0
DA:51,0
DA:56,3
DA:57,0
DA:58,0
DA:59,0
DA:69,0
DA:70,0
DA:73,0
DA:78,3
DA:79,0
DA:80,0
DA:81,0
DA:88,0
DA:89,0
DA:92,0
DA:97,3
DA:98,0
DA:99,0
DA:100,0
DA:101,0
DA:102,0
DA:105,0
DA:114,3
DA:115,0
DA:116,0
DA:117,0
DA:118,0
DA:119,0
DA:122,0
DA:127,3
DA:128,0
DA:129,0
DA:130,0
DA:131,0
DA:132,0
DA:135,0
DA:142,3
DA:143,0
DA:144,0
DA:145,0
DA:150,0
DA:151,0
DA:153,0
DA:154,0
DA:162,3
DA:163,0
DA:164,0
DA:165,0
DA:166,0
DA:167,0
DA:169,0
DA:175,3
DA:176,0
DA:177,0
DA:178,0
DA:188,0
DA:189,0
DA:191,0
DA:192,0
DA:197,3
LF:88
LH:14
BRF:0
BRH:0
end_of_record
TN:
SF:src/model/ticket/Ticket.schema.js
FNF:0
FNH:0
DA:1,3
DA:2,3
DA:4,3
DA:53,3
LF:4
LH:4
BRF:0
BRH:0
end_of_record
TN:
SF:src/model/user/User.model.js
FN:3,(anonymous_0)
FN:4,(anonymous_1)
FN:7,(anonymous_2)
FN:8,(anonymous_3)
FN:12,(anonymous_4)
FN:13,(anonymous_5)
FN:17,(anonymous_6)
FN:30,(anonymous_7)
FN:31,(anonymous_8)
FN:35,(anonymous_9)
FN:48,(anonymous_10)
FN:49,(anonymous_11)
FN:58,(anonymous_12)
FN:59,(anonymous_13)
FN:70,(anonymous_14)
FN:71,(anonymous_15)
FN:80,(anonymous_16)
FN:81,(anonymous_17)
FN:92,(anonymous_18)
FN:93,(anonymous_19)
FN:102,(anonymous_20)
FN:103,(anonymous_21)
FN:115,(anonymous_22)
FN:116,(anonymous_23)
FN:119,(anonymous_24)
FN:120,(anonymous_25)
FNF:26
FNH:13
FNDA:12,(anonymous_0)
FNDA:12,(anonymous_1)
FNDA:10,(anonymous_2)
FNDA:2,(anonymous_3)
FNDA:9,(anonymous_4)
FNDA:9,(anonymous_5)
FNDA:9,(anonymous_6)
FNDA:3,(anonymous_7)
FNDA:3,(anonymous_8)
FNDA:3,(anonymous_9)
FNDA:5,(anonymous_10)
FNDA:5,(anonymous_11)
FNDA:5,(anonymous_12)
FNDA:0,(anonymous_13)
FNDA:0,(anonymous_14)
FNDA:0,(anonymous_15)
FNDA:0,(anonymous_16)
FNDA:0,(anonymous_17)
FNDA:0,(anonymous_18)
FNDA:0,(anonymous_19)
FNDA:0,(anonymous_20)
FNDA:0,(anonymous_21)
FNDA:0,(anonymous_22)
FNDA:0,(anonymous_23)
FNDA:0,(anonymous_24)
FNDA:0,(anonymous_25)
DA:1,3
DA:3,3
DA:4,12
DA:5,12
DA:7,10
DA:8,2
DA:12,3
DA:13,9
DA:14,9
DA:16,9
DA:17,9
DA:18,9
DA:19,0
DA:20,0
DA:22,9
DA:25,0
DA:30,3
DA:31,3
DA:32,3
DA:34,3
DA:35,3
DA:36,3
DA:37,0
DA:38,0
DA:40,3
DA:43,0
DA:48,3
DA:49,5
DA:50,5
DA:51,5
DA:58,5
DA:60,0
DA:61,0
DA:64,0
DA:65,0
DA:70,3
DA:71,0
DA:72,0
DA:73,0
DA:80,0
DA:82,0
DA:83,0
DA:86,0
DA:87,0
DA:92,3
DA:93,0
DA:94,0
DA:95,0
DA:102,0
DA:104,0
DA:105,0
DA:108,0
DA:109,0
DA:115,3
DA:116,0
DA:117,0
DA:118,0
DA:119,0
DA:120,0
DA:122,0
DA:127,3
LF:61
LH:29
BRDA:14,0,0,0
BRDA:14,0,1,9
BRDA:18,1,0,0
BRDA:18,1,1,9
BRDA:32,2,0,0
BRDA:32,2,1,3
BRDA:36,3,0,0
BRDA:36,3,1,3
BRF:8
BRH:4
end_of_record
TN:
SF:src/model/user/User.schema.js
FNF:0
FNH:0
DA:1,3
DA:2,3
DA:4,3
DA:55,3
LF:4
LH:4
BRF:0
BRH:0
end_of_record
TN:
SF:src/routers/admin.router.js
FN:36,(anonymous_0)
FN:61,(anonymous_1)
FN:100,(anonymous_2)
FN:117,(anonymous_3)
FN:135,(anonymous_4)
FN:147,(anonymous_5)
FN:158,(anonymous_6)
FN:168,(anonymous_7)
FN:178,(anonymous_8)
FNF:9
FNH:0
FNDA:0,(anonymous_0)
FNDA:0,(anonymous_1)
FNDA:0,(anonymous_2)
FNDA:0,(anonymous_3)
FNDA:0,(anonymous_4)
FNDA:0,(anonymous_5)
FNDA:0,(anonymous_6)
FNDA:0,(anonymous_7)
FNDA:0,(anonymous_8)
DA:1,3
DA:2,3
DA:4,3
DA:8,3
DA:15,3
DA:22,3
DA:24,3
DA:28,3
DA:31,3
DA:32,3
DA:33,3
DA:36,3
DA:37,0
DA:39,0
DA:41,0
DA:42,0
DA:50,0
DA:51,0
DA:52,0
DA:54,0
DA:55,0
DA:61,3
DA:62,0
DA:64,0
DA:65,0
DA:71,0
DA:73,0
DA:74,0
DA:75,0
DA:80,0
DA:81,0
DA:82,0
DA:88,0
DA:89,0
DA:91,0
DA:100,3
DA:101,0
DA:102,0
DA:104,0
DA:105,0
DA:109,0
DA:110,0
DA:112,0
DA:117,3
DA:118,0
DA:120,0
DA:121,0
DA:123,0
DA:124,0
DA:125,0
DA:126,0
DA:127,0
DA:135,3
DA:136,0
DA:137,0
DA:139,0
DA:140,0
DA:142,0
DA:147,3
DA:148,0
DA:149,0
DA:150,0
DA:152,0
DA:158,3
DA:159,0
DA:160,0
DA:161,0
DA:163,0
DA:168,3
DA:169,0
DA:170,0
DA:171,0
DA:173,0
DA:178,3
DA:179,0
DA:181,0
DA:184,0
DA:185,0
DA:188,0
DA:189,0
DA:190,0
DA:195,0
DA:200,0
DA:208,3
LF:84
LH:21
BRDA:64,0,0,0
BRDA:64,0,1,0
BRDA:64,1,0,0
BRDA:64,1,1,0
BRDA:73,2,0,0
BRDA:73,2,1,0
BRDA:73,3,0,0
BRDA:73,3,1,0
BRDA:74,4,0,0
BRDA:74,4,1,0
BRDA:81,5,0,0
BRDA:81,5,1,0
BRDA:104,6,0,0
BRDA:104,6,1,0
BRDA:126,7,0,0
BRDA:126,7,1,0
BRDA:189,8,0,0
BRDA:189,8,1,0
BRF:18
BRH:0
end_of_record
TN:
SF:src/routers/adminBro.router.js
FN:73,(anonymous_0)
FNF:1
FNH:0
FNDA:0,(anonymous_0)
DA:1,3
DA:2,3
DA:3,3
DA:5,3
DA:7,3
DA:9,3
DA:10,3
DA:11,3
DA:12,3
DA:14,3
DA:19,3
DA:63,3
DA:68,3
DA:74,0
DA:75,0
DA:77,0
DA:81,3
LF:17
LH:14
BRDA:64,0,0,3
BRDA:64,0,1,3
BRDA:65,1,0,3
BRDA:65,1,1,3
BRDA:69,2,0,3
BRDA:69,2,1,3
BRDA:71,3,0,3
BRDA:71,3,1,3
BRDA:74,4,0,0
BRDA:74,4,1,0
BRDA:74,5,0,0
BRDA:74,5,1,0
BRF:12
BRH:8
end_of_record
TN:
SF:src/routers/employee.router.js
FN:29,(anonymous_0)
FN:33,(anonymous_1)
FN:38,(anonymous_2)
FN:51,(anonymous_3)
FN:62,(anonymous_4)
FN:76,(anonymous_5)
FN:91,(anonymous_6)
FN:106,(anonymous_7)
FN:135,(anonymous_8)
FNF:9
FNH:0
FNDA:0,(anonymous_0)
FNDA:0,(anonymous_1)
FNDA:0,(anonymous_2)
FNDA:0,(anonymous_3)
FNDA:0,(anonymous_4)
FNDA:0,(anonymous_5)
FNDA:0,(anonymous_6)
FNDA:0,(anonymous_7)
FNDA:0,(anonymous_8)
DA:1,3
DA:5,3
DA:6,3
DA:8,3
DA:13,3
DA:17,3
DA:25,3
DA:27,3
DA:29,3
DA:31,3
DA:33,3
DA:35,3
DA:38,3
DA:39,0
DA:40,0
DA:41,0
DA:43,0
DA:45,0
DA:51,3
DA:52,0
DA:53,0
DA:54,0
DA:55,0
DA:57,0
DA:62,3
DA:63,0
DA:65,0
DA:67,0
DA:68,0
DA:70,0
DA:71,0
DA:76,3
DA:77,0
DA:78,0
DA:79,0
DA:81,0
DA:82,0
DA:84,0
DA:86,0
DA:91,3
DA:92,0
DA:93,0
DA:94,0
DA:95,0
DA:96,0
DA:97,0
DA:99,0
DA:101,0
DA:106,3
DA:107,0
DA:108,0
DA:115,0
DA:116,0
DA:117,0
DA:118,0
DA:119,0
DA:120,0
DA:122,0
DA:124,0
DA:126,0
DA:131,3
DA:136,0
DA:138,0
DA:140,0
DA:143,0
DA:144,0
DA:145,0
DA:147,0
DA:153,0
DA:154,0
DA:156,0
DA:157,0
DA:159,0
DA:161,0
DA:166,0
DA:168,0
DA:177,3
LF:77
LH:20
BRDA:81,0,0,0
BRDA:81,0,1,0
BRDA:96,1,0,0
BRDA:96,1,1,0
BRDA:116,2,0,0
BRDA:116,2,1,0
BRDA:119,3,0,0
BRDA:119,3,1,0
BRDA:154,4,0,0
BRDA:154,4,1,0
BRDA:154,5,0,0
BRDA:154,5,1,0
BRF:12
BRH:0
end_of_record
TN:
SF:src/routers/ticket.router.js
FN:26,(anonymous_0)
FN:36,(anonymous_1)
FN:72,(anonymous_2)
FN:90,(anonymous_3)
FN:108,(anonymous_4)
FN:131,(anonymous_5)
FN:152,(anonymous_6)
FNF:7
FNH:1
FNDA:1,(anonymous_0)
FNDA:0,(anonymous_1)
FNDA:0,(anonymous_2)
FNDA:0,(anonymous_3)
FNDA:0,(anonymous_4)
FNDA:0,(anonymous_5)
FNDA:0,(anonymous_6)
DA:1,3
DA:2,3
DA:11,3
DA:12,3
DA:16,3
DA:26,3
DA:28,1
DA:32,3
DA:38,0
DA:39,0
DA:41,0
DA:42,0
DA:54,0
DA:55,0
DA:56,0
DA:61,0
DA:66,0
DA:72,3
DA:74,0
DA:76,0
DA:78,0
DA:80,0
DA:85,0
DA:90,3
DA:91,0
DA:92,0
DA:93,0
DA:95,0
DA:97,0
DA:99,0
DA:104,3
DA:109,0
DA:110,0
DA:111,0
DA:112,0
DA:114,0
DA:116,0
DA:117,0
DA:123,0
DA:125,0
DA:131,3
DA:132,0
DA:133,0
DA:134,0
DA:136,0
DA:138,0
DA:139,0
DA:145,0
DA:147,0
DA:152,3
DA:153,0
DA:154,0
DA:155,0
DA:157,0
DA:159,0
DA:160,0
DA:166,0
DA:170,3
LF:58
LH:14
BRDA:55,0,0,0
BRDA:55,0,1,0
BRDA:116,1,0,0
BRDA:116,1,1,0
BRDA:138,2,0,0
BRDA:138,2,1,0
BRDA:159,3,0,0
BRDA:159,3,1,0
BRF:8
BRH:0
end_of_record
TN:
SF:src/routers/token.router.js
FN:9,(anonymous_0)
FN:43,(anonymous_1)
FNF:2
FNH:0
FNDA:0,(anonymous_0)
FNDA:0,(anonymous_1)
DA:1,3
DA:2,3
DA:4,3
DA:5,3
DA:6,3
DA:9,3
DA:10,0
DA:14,0
DA:15,0
DA:17,0
DA:19,0
DA:20,0
DA:21,0
DA:23,0
DA:26,0
DA:28,0
DA:29,0
DA:32,0
DA:36,0
DA:39,0
DA:43,3
DA:44,0
DA:48,0
DA:49,0
DA:51,0
DA:52,0
DA:53,0
DA:54,0
DA:55,0
DA:57,0
DA:61,0
DA:63,0
DA:64,0
DA:67,0
DA:71,0
DA:75,0
DA:78,3
LF:37
LH:8
BRDA:15,0,0,0
BRDA:15,0,1,0
BRDA:19,1,0,0
BRDA:19,1,1,0
BRDA:28,2,0,0
BRDA:28,2,1,0
BRDA:28,3,0,0
BRDA:28,3,1,0
BRDA:49,4,0,0
BRDA:49,4,1,0
BRDA:53,5,0,0
BRDA:53,5,1,0
BRDA:63,6,0,0
BRDA:63,6,1,0
BRDA:63,7,0,0
BRDA:63,7,1,0
BRF:16
BRH:0
end_of_record
TN:
SF:src/routers/user.router.js
FN:34,(anonymous_0)
FN:42,(anonymous_1)
FN:54,(anonymous_2)
FN:74,(anonymous_3)
FN:105,(anonymous_4)
FN:156,(anonymous_5)
FN:186,(anonymous_6)
FN:228,(anonymous_7)
FNF:8
FNH:4
FNDA:16,(anonymous_0)
FNDA:1,(anonymous_1)
FNDA:0,(anonymous_2)
FNDA:12,(anonymous_3)
FNDA:9,(anonymous_4)
FNDA:0,(anonymous_5)
FNDA:0,(anonymous_6)
FNDA:0,(anonymous_7)
DA:1,3
DA:2,3
DA:11,3
DA:15,3
DA:16,3
DA:17,3
DA:22,3
DA:23,3
DA:28,3
DA:29,3
DA:31,3
DA:32,3
DA:34,3
DA:38,16
DA:42,3
DA:43,1
DA:44,1
DA:54,3
DA:55,0
DA:56,0
DA:58,0
DA:59,0
DA:60,0
DA:61,0
DA:66,0
DA:68,0
DA:69,0
DA:74,3
DA:75,12
DA:77,12
DA:79,12
DA:80,12
DA:88,12
DA:90,10
DA:96,10
DA:99,2
DA:100,2
DA:105,3
DA:107,9
DA:110,9
DA:111,1
DA:116,8
DA:118,8
DA:119,1
DA:122,7
DA:123,1
DA:128,6
DA:129,6
DA:130,0
DA:135,6
DA:136,6
DA:138,1
DA:143,5
DA:144,5
DA:146,5
DA:156,3
DA:158,0
DA:160,0
DA:162,0
DA:164,0
DA:166,0
DA:171,0
DA:178,0
DA:186,3
DA:188,0
DA:190,0
DA:192,0
DA:193,0
DA:194,0
DA:196,0
DA:197,0
DA:198,0
DA:200,0
DA:201,0
DA:204,0
DA:206,0
DA:208,0
DA:210,0
DA:212,0
DA:214,0
DA:221,0
DA:228,3
DA:229,0
DA:231,0
DA:234,0
DA:237,0
DA:239,0
DA:240,0
DA:244,3
LF:89
LH:49
BRDA:60,0,0,0
BRDA:60,0,1,0
BRDA:60,1,0,0
BRDA:60,1,1,0
BRDA:110,2,0,1
BRDA:110,2,1,8
BRDA:110,3,0,9
BRDA:110,3,1,8
BRDA:118,4,0,1
BRDA:118,4,1,7
BRDA:122,5,0,1
BRDA:122,5,1,6
BRDA:128,6,0,6
BRDA:128,6,1,0
BRDA:128,7,0,6
BRDA:128,7,1,6
BRDA:129,8,0,0
BRDA:129,8,1,6
BRDA:136,9,0,1
BRDA:136,9,1,5
BRDA:162,10,0,0
BRDA:162,10,1,0
BRDA:162,11,0,0
BRDA:162,11,1,0
BRDA:192,12,0,0
BRDA:192,12,1,0
BRDA:192,13,0,0
BRDA:192,13,1,0
BRDA:200,14,0,0
BRDA:200,14,1,0
BRDA:208,15,0,0
BRDA:208,15,1,0
BRDA:239,16,0,0
BRDA:239,16,1,0
BRF:34
BRH:14
end_of_record
TN:
SF:src/utils/errorHandler.js
FN:1,(anonymous_0)
FNF:1
FNH:1
FNDA:1,(anonymous_0)
DA:1,3
DA:4,1
DA:5,1
DA:8,1
DA:9,0
DA:12,1
DA:13,1
DA:18,3
LF:8
LH:7
BRDA:4,0,0,1
BRDA:4,0,1,0
BRDA:8,1,0,0
BRDA:8,1,1,1
BRDA:12,2,0,1
BRDA:12,2,1,1
BRF:6
BRH:4
end_of_record
TN:
SF:src/utils/randomNumberGenerator.js
FN:1,(anonymous_0)
FNF:1
FNH:0
FNDA:0,(anonymous_0)
DA:1,3
DA:3,0
DA:5,0
DA:6,0
DA:8,0
DA:10,3
LF:6
LH:2
BRF:0
BRH:0
end_of_record
