TN:
SF:app.js
FN:23,(anonymous_0)
FN:28,(anonymous_1)
FN:31,(anonymous_2)
FN:72,(anonymous_3)
FN:78,(anonymous_4)
FNF:5
FNH:1
FNDA:1,(anonymous_0)
FNDA:0,(anonymous_1)
FNDA:0,(anonymous_2)
FNDA:0,(anonymous_3)
FNDA:0,(anonymous_4)
DA:1,1
DA:2,1
DA:3,1
DA:4,1
DA:5,1
DA:6,1
DA:7,1
DA:8,1
DA:10,1
DA:16,1
DA:19,1
DA:20,1
DA:21,1
DA:23,1
DA:24,1
DA:25,1
DA:26,1
DA:27,1
DA:28,1
DA:29,0
DA:31,1
DA:32,0
DA:36,0
DA:37,0
DA:41,1
DA:44,1
DA:47,1
DA:48,1
DA:51,1
DA:52,1
DA:53,1
DA:54,1
DA:55,1
DA:56,1
DA:58,1
DA:59,1
DA:60,1
DA:61,1
DA:62,1
DA:63,1
DA:70,1
DA:72,1
DA:73,0
DA:74,0
DA:75,0
DA:78,1
DA:79,0
DA:85,1
LF:48
LH:40
BRDA:26,0,0,1
BRDA:26,0,1,0
BRF:2
BRH:1
end_of_record
TN:
SF:src/controllers/authControllers.js
FN:14,(anonymous_0)
FN:56,(anonymous_1)
FNF:2
FNH:0
FNDA:0,(anonymous_0)
FNDA:0,(anonymous_1)
DA:4,1
DA:6,1
DA:11,1
DA:12,1
DA:14,1
DA:15,0
DA:16,0
DA:18,0
DA:19,0
DA:25,0
DA:26,0
DA:27,0
DA:33,0
DA:37,0
DA:41,0
DA:45,0
DA:51,0
DA:52,0
DA:56,1
DA:57,0
DA:59,0
DA:60,0
DA:68,0
DA:69,0
DA:71,0
DA:72,0
LF:26
LH:6
BRDA:18,0,0,0
BRDA:18,0,1,0
BRDA:18,1,0,0
BRDA:18,1,1,0
BRDA:26,2,0,0
BRDA:26,2,1,0
BRF:6
BRH:0
end_of_record
TN:
SF:src/helpers/bcrypt.helper.js
FN:4,(anonymous_0)
FN:5,(anonymous_1)
FN:10,(anonymous_2)
FN:11,(anonymous_3)
FN:12,(anonymous_4)
FNF:5
FNH:0
FNDA:0,(anonymous_0)
FNDA:0,(anonymous_1)
FNDA:0,(anonymous_2)
FNDA:0,(anonymous_3)
FNDA:0,(anonymous_4)
DA:1,1
DA:2,1
DA:4,1
DA:5,0
DA:6,0
DA:10,1
DA:11,0
DA:12,0
DA:13,0
DA:15,0
DA:20,1
LF:11
LH:5
BRDA:13,0,0,0
BRDA:13,0,1,0
BRF:2
BRH:0
end_of_record
TN:
SF:src/helpers/email.helper.js
FN:13,(anonymous_0)
FN:14,(anonymous_1)
FN:33,(anonymous_2)
FNF:3
FNH:0
FNDA:0,(anonymous_0)
FNDA:0,(anonymous_1)
FNDA:0,(anonymous_2)
DA:1,1
DA:3,1
DA:13,1
DA:14,0
DA:15,0
DA:17,0
DA:18,0
DA:23,0
DA:25,0
DA:27,0
DA:33,1
DA:35,0
DA:36,0
DA:38,0
DA:52,0
DA:53,0
DA:55,0
DA:63,0
DA:64,0
DA:66,0
DA:75,0
DA:76,0
DA:78,0
DA:86,0
DA:87,0
DA:90,0
DA:94,1
LF:27
LH:5
BRDA:33,0,0,0
BRDA:36,1,0,0
BRDA:36,1,1,0
BRDA:36,1,2,0
BRDA:36,1,3,0
BRDA:36,1,4,0
BRF:6
BRH:0
end_of_record
TN:
SF:src/helpers/jwt.helper.js
FN:7,(anonymous_0)
FN:19,(anonymous_1)
FN:32,(anonymous_2)
FN:45,(anonymous_3)
FN:58,(anonymous_4)
FN:66,(anonymous_5)
FNF:6
FNH:0
FNDA:0,(anonymous_0)
FNDA:0,(anonymous_1)
FNDA:0,(anonymous_2)
FNDA:0,(anonymous_3)
FNDA:0,(anonymous_4)
FNDA:0,(anonymous_5)
DA:1,1
DA:2,1
DA:3,1
DA:4,1
DA:5,1
DA:7,1
DA:8,0
DA:9,0
DA:12,0
DA:13,0
DA:15,0
DA:19,1
DA:20,0
DA:21,0
DA:24,0
DA:25,0
DA:27,0
DA:28,0
DA:32,1
DA:33,0
DA:34,0
DA:37,0
DA:38,0
DA:40,0
DA:41,0
DA:45,1
DA:46,0
DA:47,0
DA:50,0
DA:51,0
DA:53,0
DA:54,0
DA:58,1
DA:59,0
DA:60,0
DA:62,0
DA:66,1
DA:67,0
DA:68,0
DA:70,0
DA:74,1
LF:41
LH:12
BRF:0
BRH:0
end_of_record
TN:
SF:src/helpers/redis.helper.js
FN:8,(anonymous_0)
FN:18,(anonymous_1)
FN:19,(anonymous_2)
FN:21,(anonymous_3)
FN:31,(anonymous_4)
FN:32,(anonymous_5)
FN:34,(anonymous_6)
FN:44,(anonymous_7)
FNF:8
FNH:3
FNDA:0,(anonymous_0)
FNDA:1,(anonymous_1)
FNDA:1,(anonymous_2)
FNDA:1,(anonymous_3)
FNDA:0,(anonymous_4)
FNDA:0,(anonymous_5)
FNDA:0,(anonymous_6)
FNDA:0,(anonymous_7)
DA:1,1
DA:3,1
DA:4,1
DA:8,1
DA:9,0
DA:18,1
DA:19,1
DA:20,1
DA:21,1
DA:22,1
DA:23,1
DA:26,0
DA:31,1
DA:32,0
DA:33,0
DA:34,0
DA:35,0
DA:36,0
DA:39,0
DA:44,1
DA:45,0
DA:46,0
DA:48,0
DA:52,1
LF:24
LH:13
BRDA:22,0,0,0
BRDA:22,0,1,1
BRDA:35,1,0,0
BRDA:35,1,1,0
BRF:4
BRH:1
end_of_record
TN:
SF:src/middleware/Authorization.middleware.js
FN:9,(anonymous_0)
FN:36,(anonymous_1)
FN:77,(anonymous_2)
FNF:3
FNH:0
FNDA:0,(anonymous_0)
FNDA:0,(anonymous_1)
FNDA:0,(anonymous_2)
DA:1,1
DA:2,1
DA:3,1
DA:4,1
DA:5,1
DA:9,1
DA:10,0
DA:12,0
DA:14,0
DA:15,0
DA:16,0
DA:19,0
DA:21,0
DA:22,0
DA:27,0
DA:28,0
DA:29,0
DA:31,0
DA:32,0
DA:36,1
DA:37,0
DA:39,0
DA:40,0
DA:41,0
DA:43,0
DA:44,0
DA:45,0
DA:46,0
DA:47,0
DA:53,0
DA:54,0
DA:55,0
DA:56,0
DA:62,0
DA:63,0
DA:64,0
DA:65,0
DA:67,0
DA:68,0
DA:69,0
DA:71,0
DA:77,1
DA:78,0
DA:80,0
DA:81,0
DA:82,0
DA:83,0
DA:88,0
DA:89,0
DA:90,0
DA:93,0
DA:95,0
DA:96,0
DA:101,0
DA:102,0
DA:105,1
LF:56
LH:9
BRDA:14,0,0,0
BRDA:14,0,1,0
BRDA:14,1,0,0
BRDA:14,1,1,0
BRDA:21,2,0,0
BRDA:21,2,1,0
BRDA:28,3,0,0
BRDA:28,3,1,0
BRDA:40,4,0,0
BRDA:40,4,1,0
BRDA:44,5,0,0
BRDA:44,5,1,0
BRDA:44,6,0,0
BRDA:44,6,1,0
BRDA:54,7,0,0
BRDA:54,7,1,0
BRDA:63,8,0,0
BRDA:63,8,1,0
BRDA:81,9,0,0
BRDA:81,9,1,0
BRDA:89,10,0,0
BRDA:89,10,1,0
BRDA:95,11,0,0
BRDA:95,11,1,0
BRF:24
BRH:0
end_of_record
TN:
SF:src/middleware/formValidation.middleware.js
FN:16,(anonymous_0)
FN:34,(anonymous_1)
FN:45,(anonymous_2)
FN:59,(anonymous_3)
FN:73,(anonymous_4)
FN:87,(anonymous_5)
FN:103,(anonymous_6)
FNF:7
FNH:0
FNDA:0,(anonymous_0)
FNDA:0,(anonymous_1)
FNDA:0,(anonymous_2)
FNDA:0,(anonymous_3)
FNDA:0,(anonymous_4)
FNDA:0,(anonymous_5)
FNDA:0,(anonymous_6)
DA:1,1
DA:3,1
DA:9,1
DA:10,1
DA:11,1
DA:12,1
DA:13,1
DA:14,1
DA:16,1
DA:18,0
DA:27,0
DA:28,0
DA:29,0
DA:31,0
DA:34,1
DA:36,0
DA:38,0
DA:39,0
DA:40,0
DA:42,0
DA:45,1
DA:47,0
DA:52,0
DA:53,0
DA:54,0
DA:56,0
DA:59,1
DA:60,0
DA:65,0
DA:66,0
DA:67,0
DA:68,0
DA:70,0
DA:73,1
DA:74,0
DA:78,0
DA:79,0
DA:80,0
DA:82,0
DA:87,1
DA:88,0
DA:96,0
DA:97,0
DA:98,0
DA:100,0
DA:103,1
DA:104,0
DA:108,0
DA:109,0
DA:110,0
DA:112,0
DA:115,1
LF:52
LH:16
BRDA:28,0,0,0
BRDA:28,0,1,0
BRDA:39,1,0,0
BRDA:39,1,1,0
BRDA:53,2,0,0
BRDA:53,2,1,0
BRDA:67,3,0,0
BRDA:67,3,1,0
BRDA:79,4,0,0
BRDA:79,4,1,0
BRDA:97,5,0,0
BRDA:97,5,1,0
BRDA:109,6,0,0
BRDA:109,6,1,0
BRF:14
BRH:0
end_of_record
TN:
SF:src/model/admin/Admin.model.js
FN:3,(anonymous_0)
FN:4,(anonymous_1)
FN:7,(anonymous_2)
FN:8,(anonymous_3)
FN:12,(anonymous_4)
FN:13,(anonymous_5)
FN:17,(anonymous_6)
FN:32,(anonymous_7)
FN:33,(anonymous_8)
FN:37,(anonymous_9)
FN:50,(anonymous_10)
FN:51,(anonymous_11)
FN:60,(anonymous_12)
FN:61,(anonymous_13)
FNF:14
FNH:0
FNDA:0,(anonymous_0)
FNDA:0,(anonymous_1)
FNDA:0,(anonymous_2)
FNDA:0,(anonymous_3)
FNDA:0,(anonymous_4)
FNDA:0,(anonymous_5)
FNDA:0,(anonymous_6)
FNDA:0,(anonymous_7)
FNDA:0,(anonymous_8)
FNDA:0,(anonymous_9)
FNDA:0,(anonymous_10)
FNDA:0,(anonymous_11)
FNDA:0,(anonymous_12)
FNDA:0,(anonymous_13)
DA:1,1
DA:3,1
DA:4,0
DA:5,0
DA:7,0
DA:8,0
DA:12,1
DA:13,0
DA:14,0
DA:16,0
DA:17,0
DA:18,0
DA:19,0
DA:20,0
DA:23,0
DA:26,0
DA:27,0
DA:32,1
DA:33,0
DA:34,0
DA:36,0
DA:37,0
DA:38,0
DA:39,0
DA:40,0
DA:42,0
DA:45,0
DA:50,1
DA:51,0
DA:52,0
DA:53,0
DA:60,0
DA:62,0
DA:63,0
DA:66,0
DA:67,0
DA:72,1
LF:37
LH:6
BRDA:14,0,0,0
BRDA:14,0,1,0
BRDA:18,1,0,0
BRDA:18,1,1,0
BRDA:34,2,0,0
BRDA:34,2,1,0
BRDA:38,3,0,0
BRDA:38,3,1,0
BRF:8
BRH:0
end_of_record
TN:
SF:src/model/admin/Admin.schema.js
FNF:0
FNH:0
DA:1,1
DA:2,1
DA:4,1
DA:49,1
LF:4
LH:4
BRF:0
BRH:0
end_of_record
TN:
SF:src/model/employee/Employee.model.js
FN:3,(anonymous_0)
FN:4,(anonymous_1)
FN:7,(anonymous_2)
FN:8,(anonymous_3)
FN:12,(anonymous_4)
FN:13,(anonymous_5)
FN:17,(anonymous_6)
FN:32,(anonymous_7)
FN:33,(anonymous_8)
FN:37,(anonymous_9)
FN:50,(anonymous_10)
FN:51,(anonymous_11)
FN:60,(anonymous_12)
FN:61,(anonymous_13)
FN:73,(anonymous_14)
FN:74,(anonymous_15)
FN:77,(anonymous_16)
FN:78,(anonymous_17)
FNF:18
FNH:0
FNDA:0,(anonymous_0)
FNDA:0,(anonymous_1)
FNDA:0,(anonymous_2)
FNDA:0,(anonymous_3)
FNDA:0,(anonymous_4)
FNDA:0,(anonymous_5)
FNDA:0,(anonymous_6)
FNDA:0,(anonymous_7)
FNDA:0,(anonymous_8)
FNDA:0,(anonymous_9)
FNDA:0,(anonymous_10)
FNDA:0,(anonymous_11)
FNDA:0,(anonymous_12)
FNDA:0,(anonymous_13)
FNDA:0,(anonymous_14)
FNDA:0,(anonymous_15)
FNDA:0,(anonymous_16)
FNDA:0,(anonymous_17)
DA:1,1
DA:3,1
DA:4,0
DA:5,0
DA:7,0
DA:8,0
DA:12,1
DA:13,0
DA:14,0
DA:16,0
DA:17,0
DA:18,0
DA:19,0
DA:20,0
DA:23,0
DA:26,0
DA:27,0
DA:32,1
DA:33,0
DA:34,0
DA:36,0
DA:37,0
DA:38,0
DA:39,0
DA:40,0
DA:42,0
DA:45,0
DA:50,1
DA:51,0
DA:52,0
DA:53,0
DA:60,0
DA:62,0
DA:63,0
DA:66,0
DA:67,0
DA:73,1
DA:74,0
DA:75,0
DA:76,0
DA:77,0
DA:78,0
DA:80,0
DA:85,1
LF:44
LH:7
BRDA:14,0,0,0
BRDA:14,0,1,0
BRDA:18,1,0,0
BRDA:18,1,1,0
BRDA:34,2,0,0
BRDA:34,2,1,0
BRDA:38,3,0,0
BRDA:38,3,1,0
BRF:8
BRH:0
end_of_record
TN:
SF:src/model/employee/Employee.schema.js
FN:61,(anonymous_0)
FN:67,(anonymous_1)
FN:74,(anonymous_2)
FNF:3
FNH:0
FNDA:0,(anonymous_0)
FNDA:0,(anonymous_1)
FNDA:0,(anonymous_2)
DA:1,1
DA:2,1
DA:3,1
DA:5,1
DA:61,1
DA:62,0
DA:63,0
DA:67,1
DA:68,0
DA:69,0
DA:70,0
DA:74,1
DA:75,0
DA:76,0
DA:77,0
DA:78,0
DA:79,0
DA:81,0
DA:83,0
DA:86,1
LF:20
LH:8
BRDA:76,0,0,0
BRDA:76,0,1,0
BRDA:78,1,0,0
BRDA:78,1,1,0
BRF:4
BRH:0
end_of_record
TN:
SF:src/model/resetPin/ResetPin.model.js
FN:5,(anonymous_0)
FN:14,(anonymous_1)
FN:17,(anonymous_2)
FN:18,(anonymous_3)
FN:23,(anonymous_4)
FN:24,(anonymous_5)
FN:26,(anonymous_6)
FN:41,(anonymous_7)
FN:43,(anonymous_8)
FNF:9
FNH:0
FNDA:0,(anonymous_0)
FNDA:0,(anonymous_1)
FNDA:0,(anonymous_2)
FNDA:0,(anonymous_3)
FNDA:0,(anonymous_4)
FNDA:0,(anonymous_5)
FNDA:0,(anonymous_6)
FNDA:0,(anonymous_7)
FNDA:0,(anonymous_8)
DA:1,1
DA:2,1
DA:5,1
DA:6,0
DA:7,0
DA:9,0
DA:14,0
DA:15,0
DA:17,0
DA:18,0
DA:23,1
DA:24,0
DA:25,0
DA:26,0
DA:27,0
DA:28,0
DA:29,0
DA:31,0
DA:34,0
DA:35,0
DA:41,1
DA:42,0
DA:43,0
DA:44,0
DA:45,0
DA:49,0
DA:53,1
LF:27
LH:6
BRDA:27,0,0,0
BRDA:27,0,1,0
BRDA:44,1,0,0
BRDA:44,1,1,0
BRF:4
BRH:0
end_of_record
TN:
SF:src/model/resetPin/ResetPin.schema.js
FNF:0
FNH:0
DA:1,1
DA:2,1
DA:5,1
DA:23,1
LF:4
LH:4
BRF:0
BRH:0
end_of_record
TN:
SF:src/model/ticket/Ticket.model.js
FN:3,(anonymous_0)
FN:4,(anonymous_1)
FN:8,(anonymous_2)
FN:9,(anonymous_3)
FN:17,(anonymous_4)
FN:18,(anonymous_5)
FN:21,(anonymous_6)
FN:22,(anonymous_7)
FN:30,(anonymous_8)
FN:31,(anonymous_9)
FN:34,(anonymous_10)
FN:35,(anonymous_11)
FN:43,(anonymous_12)
FN:44,(anonymous_13)
FN:47,(anonymous_14)
FN:48,(anonymous_15)
FN:56,(anonymous_16)
FN:57,(anonymous_17)
FN:69,(anonymous_18)
FN:70,(anonymous_19)
FN:78,(anonymous_20)
FN:79,(anonymous_21)
FN:88,(anonymous_22)
FN:89,(anonymous_23)
FN:97,(anonymous_24)
FN:98,(anonymous_25)
FN:101,(anonymous_26)
FN:102,(anonymous_27)
FN:114,(anonymous_28)
FN:115,(anonymous_29)
FN:118,(anonymous_30)
FN:119,(anonymous_31)
FN:127,(anonymous_32)
FN:128,(anonymous_33)
FN:131,(anonymous_34)
FN:132,(anonymous_35)
FN:142,(anonymous_36)
FN:143,(anonymous_37)
FN:150,(anonymous_38)
FN:151,(anonymous_39)
FN:162,(anonymous_40)
FN:163,(anonymous_41)
FN:166,(anonymous_42)
FN:167,(anonymous_43)
FN:175,(anonymous_44)
FN:176,(anonymous_45)
FN:188,(anonymous_46)
FN:189,(anonymous_47)
FNF:48
FNH:0
FNDA:0,(anonymous_0)
FNDA:0,(anonymous_1)
FNDA:0,(anonymous_2)
FNDA:0,(anonymous_3)
FNDA:0,(anonymous_4)
FNDA:0,(anonymous_5)
FNDA:0,(anonymous_6)
FNDA:0,(anonymous_7)
FNDA:0,(anonymous_8)
FNDA:0,(anonymous_9)
FNDA:0,(anonymous_10)
FNDA:0,(anonymous_11)
FNDA:0,(anonymous_12)
FNDA:0,(anonymous_13)
FNDA:0,(anonymous_14)
FNDA:0,(anonymous_15)
FNDA:0,(anonymous_16)
FNDA:0,(anonymous_17)
FNDA:0,(anonymous_18)
FNDA:0,(anonymous_19)
FNDA:0,(anonymous_20)
FNDA:0,(anonymous_21)
FNDA:0,(anonymous_22)
FNDA:0,(anonymous_23)
FNDA:0,(anonymous_24)
FNDA:0,(anonymous_25)
FNDA:0,(anonymous_26)
FNDA:0,(anonymous_27)
FNDA:0,(anonymous_28)
FNDA:0,(anonymous_29)
FNDA:0,(anonymous_30)
FNDA:0,(anonymous_31)
FNDA:0,(anonymous_32)
FNDA:0,(anonymous_33)
FNDA:0,(anonymous_34)
FNDA:0,(anonymous_35)
FNDA:0,(anonymous_36)
FNDA:0,(anonymous_37)
FNDA:0,(anonymous_38)
FNDA:0,(anonymous_39)
FNDA:0,(anonymous_40)
FNDA:0,(anonymous_41)
FNDA:0,(anonymous_42)
FNDA:0,(anonymous_43)
FNDA:0,(anonymous_44)
FNDA:0,(anonymous_45)
FNDA:0,(anonymous_46)
FNDA:0,(anonymous_47)
DA:1,1
DA:3,1
DA:4,0
DA:5,0
DA:6,0
DA:8,0
DA:9,0
DA:12,0
DA:17,1
DA:18,0
DA:19,0
DA:20,0
DA:21,0
DA:22,0
DA:25,0
DA:30,1
DA:31,0
DA:32,0
DA:33,0
DA:34,0
DA:35,0
DA:38,0
DA:43,1
DA:44,0
DA:45,0
DA:46,0
DA:47,0
DA:48,0
DA:51,0
DA:56,1
DA:57,0
DA:58,0
DA:59,0
DA:69,0
DA:70,0
DA:73,0
DA:78,1
DA:79,0
DA:80,0
DA:81,0
DA:88,0
DA:89,0
DA:92,0
DA:97,1
DA:98,0
DA:99,0
DA:100,0
DA:101,0
DA:102,0
DA:105,0
DA:114,1
DA:115,0
DA:116,0
DA:117,0
DA:118,0
DA:119,0
DA:122,0
DA:127,1
DA:128,0
DA:129,0
DA:130,0
DA:131,0
DA:132,0
DA:135,0
DA:142,1
DA:143,0
DA:144,0
DA:145,0
DA:150,0
DA:151,0
DA:153,0
DA:154,0
DA:162,1
DA:163,0
DA:164,0
DA:165,0
DA:166,0
DA:167,0
DA:169,0
DA:175,1
DA:176,0
DA:177,0
DA:178,0
DA:188,0
DA:189,0
DA:191,0
DA:192,0
DA:197,1
LF:88
LH:14
BRF:0
BRH:0
end_of_record
TN:
SF:src/model/ticket/Ticket.schema.js
FNF:0
FNH:0
DA:1,1
DA:2,1
DA:4,1
DA:53,1
LF:4
LH:4
BRF:0
BRH:0
end_of_record
TN:
SF:src/model/user/User.model.js
FN:3,(anonymous_0)
FN:4,(anonymous_1)
FN:7,(anonymous_2)
FN:8,(anonymous_3)
FN:12,(anonymous_4)
FN:13,(anonymous_5)
FN:17,(anonymous_6)
FN:30,(anonymous_7)
FN:31,(anonymous_8)
FN:35,(anonymous_9)
FN:48,(anonymous_10)
FN:49,(anonymous_11)
FN:58,(anonymous_12)
FN:59,(anonymous_13)
FN:70,(anonymous_14)
FN:71,(anonymous_15)
FN:80,(anonymous_16)
FN:81,(anonymous_17)
FN:92,(anonymous_18)
FN:93,(anonymous_19)
FN:102,(anonymous_20)
FN:103,(anonymous_21)
FN:115,(anonymous_22)
FN:116,(anonymous_23)
FN:119,(anonymous_24)
FN:120,(anonymous_25)
FNF:26
FNH:0
FNDA:0,(anonymous_0)
FNDA:0,(anonymous_1)
FNDA:0,(anonymous_2)
FNDA:0,(anonymous_3)
FNDA:0,(anonymous_4)
FNDA:0,(anonymous_5)
FNDA:0,(anonymous_6)
FNDA:0,(anonymous_7)
FNDA:0,(anonymous_8)
FNDA:0,(anonymous_9)
FNDA:0,(anonymous_10)
FNDA:0,(anonymous_11)
FNDA:0,(anonymous_12)
FNDA:0,(anonymous_13)
FNDA:0,(anonymous_14)
FNDA:0,(anonymous_15)
FNDA:0,(anonymous_16)
FNDA:0,(anonymous_17)
FNDA:0,(anonymous_18)
FNDA:0,(anonymous_19)
FNDA:0,(anonymous_20)
FNDA:0,(anonymous_21)
FNDA:0,(anonymous_22)
FNDA:0,(anonymous_23)
FNDA:0,(anonymous_24)
FNDA:0,(anonymous_25)
DA:1,1
DA:3,1
DA:4,0
DA:5,0
DA:7,0
DA:8,0
DA:12,1
DA:13,0
DA:14,0
DA:16,0
DA:17,0
DA:18,0
DA:19,0
DA:20,0
DA:22,0
DA:25,0
DA:30,1
DA:31,0
DA:32,0
DA:34,0
DA:35,0
DA:36,0
DA:37,0
DA:38,0
DA:40,0
DA:43,0
DA:48,1
DA:49,0
DA:50,0
DA:51,0
DA:58,0
DA:60,0
DA:61,0
DA:64,0
DA:65,0
DA:70,1
DA:71,0
DA:72,0
DA:73,0
DA:80,0
DA:82,0
DA:83,0
DA:86,0
DA:87,0
DA:92,1
DA:93,0
DA:94,0
DA:95,0
DA:102,0
DA:104,0
DA:105,0
DA:108,0
DA:109,0
DA:115,1
DA:116,0
DA:117,0
DA:118,0
DA:119,0
DA:120,0
DA:122,0
DA:127,1
LF:61
LH:9
BRDA:14,0,0,0
BRDA:14,0,1,0
BRDA:18,1,0,0
BRDA:18,1,1,0
BRDA:32,2,0,0
BRDA:32,2,1,0
BRDA:36,3,0,0
BRDA:36,3,1,0
BRF:8
BRH:0
end_of_record
TN:
SF:src/model/user/User.schema.js
FNF:0
FNH:0
DA:1,1
DA:2,1
DA:4,1
DA:54,1
LF:4
LH:4
BRF:0
BRH:0
end_of_record
TN:
SF:src/routers/admin.router.js
FN:36,(anonymous_0)
FN:61,(anonymous_1)
FN:100,(anonymous_2)
FN:117,(anonymous_3)
FN:135,(anonymous_4)
FN:147,(anonymous_5)
FN:158,(anonymous_6)
FN:168,(anonymous_7)
FN:178,(anonymous_8)
FNF:9
FNH:0
FNDA:0,(anonymous_0)
FNDA:0,(anonymous_1)
FNDA:0,(anonymous_2)
FNDA:0,(anonymous_3)
FNDA:0,(anonymous_4)
FNDA:0,(anonymous_5)
FNDA:0,(anonymous_6)
FNDA:0,(anonymous_7)
FNDA:0,(anonymous_8)
DA:1,1
DA:2,1
DA:4,1
DA:8,1
DA:15,1
DA:22,1
DA:24,1
DA:28,1
DA:31,1
DA:32,1
DA:33,1
DA:36,1
DA:37,0
DA:39,0
DA:41,0
DA:42,0
DA:50,0
DA:51,0
DA:52,0
DA:54,0
DA:55,0
DA:61,1
DA:62,0
DA:64,0
DA:65,0
DA:71,0
DA:73,0
DA:74,0
DA:75,0
DA:80,0
DA:81,0
DA:82,0
DA:88,0
DA:89,0
DA:91,0
DA:100,1
DA:101,0
DA:102,0
DA:104,0
DA:105,0
DA:109,0
DA:110,0
DA:112,0
DA:117,1
DA:118,0
DA:120,0
DA:121,0
DA:123,0
DA:124,0
DA:125,0
DA:126,0
DA:127,0
DA:135,1
DA:136,0
DA:137,0
DA:139,0
DA:140,0
DA:142,0
DA:147,1
DA:148,0
DA:149,0
DA:150,0
DA:152,0
DA:158,1
DA:159,0
DA:160,0
DA:161,0
DA:163,0
DA:168,1
DA:169,0
DA:170,0
DA:171,0
DA:173,0
DA:178,1
DA:179,0
DA:181,0
DA:184,0
DA:185,0
DA:188,0
DA:189,0
DA:190,0
DA:195,0
DA:200,0
DA:208,1
LF:84
LH:21
BRDA:64,0,0,0
BRDA:64,0,1,0
BRDA:64,1,0,0
BRDA:64,1,1,0
BRDA:73,2,0,0
BRDA:73,2,1,0
BRDA:73,3,0,0
BRDA:73,3,1,0
BRDA:74,4,0,0
BRDA:74,4,1,0
BRDA:81,5,0,0
BRDA:81,5,1,0
BRDA:104,6,0,0
BRDA:104,6,1,0
BRDA:126,7,0,0
BRDA:126,7,1,0
BRDA:189,8,0,0
BRDA:189,8,1,0
BRF:18
BRH:0
end_of_record
TN:
SF:src/routers/adminBro.router.js
FN:73,(anonymous_0)
FNF:1
FNH:0
FNDA:0,(anonymous_0)
DA:1,1
DA:2,1
DA:3,1
DA:5,1
DA:7,1
DA:9,1
DA:10,1
DA:11,1
DA:12,1
DA:14,1
DA:19,1
DA:63,1
DA:68,1
DA:74,0
DA:75,0
DA:77,0
DA:81,1
LF:17
LH:14
BRDA:64,0,0,1
BRDA:64,0,1,1
BRDA:65,1,0,1
BRDA:65,1,1,1
BRDA:69,2,0,1
BRDA:69,2,1,1
BRDA:71,3,0,1
BRDA:71,3,1,1
BRDA:74,4,0,0
BRDA:74,4,1,0
BRDA:74,5,0,0
BRDA:74,5,1,0
BRF:12
BRH:8
end_of_record
TN:
SF:src/routers/employee.router.js
FN:29,(anonymous_0)
FN:33,(anonymous_1)
FN:38,(anonymous_2)
FN:51,(anonymous_3)
FN:62,(anonymous_4)
FN:76,(anonymous_5)
FN:91,(anonymous_6)
FN:106,(anonymous_7)
FN:135,(anonymous_8)
FNF:9
FNH:0
FNDA:0,(anonymous_0)
FNDA:0,(anonymous_1)
FNDA:0,(anonymous_2)
FNDA:0,(anonymous_3)
FNDA:0,(anonymous_4)
FNDA:0,(anonymous_5)
FNDA:0,(anonymous_6)
FNDA:0,(anonymous_7)
FNDA:0,(anonymous_8)
DA:1,1
DA:5,1
DA:6,1
DA:8,1
DA:13,1
DA:17,1
DA:25,1
DA:27,1
DA:29,1
DA:31,1
DA:33,1
DA:35,1
DA:38,1
DA:39,0
DA:40,0
DA:41,0
DA:43,0
DA:45,0
DA:51,1
DA:52,0
DA:53,0
DA:54,0
DA:55,0
DA:57,0
DA:62,1
DA:63,0
DA:65,0
DA:67,0
DA:68,0
DA:70,0
DA:71,0
DA:76,1
DA:77,0
DA:78,0
DA:79,0
DA:81,0
DA:82,0
DA:84,0
DA:86,0
DA:91,1
DA:92,0
DA:93,0
DA:94,0
DA:95,0
DA:96,0
DA:97,0
DA:99,0
DA:101,0
DA:106,1
DA:107,0
DA:108,0
DA:115,0
DA:116,0
DA:117,0
DA:118,0
DA:119,0
DA:120,0
DA:122,0
DA:124,0
DA:126,0
DA:131,1
DA:136,0
DA:138,0
DA:140,0
DA:143,0
DA:144,0
DA:145,0
DA:147,0
DA:153,0
DA:154,0
DA:156,0
DA:157,0
DA:159,0
DA:161,0
DA:166,0
DA:168,0
DA:177,1
LF:77
LH:20
BRDA:81,0,0,0
BRDA:81,0,1,0
BRDA:96,1,0,0
BRDA:96,1,1,0
BRDA:116,2,0,0
BRDA:116,2,1,0
BRDA:119,3,0,0
BRDA:119,3,1,0
BRDA:154,4,0,0
BRDA:154,4,1,0
BRDA:154,5,0,0
BRDA:154,5,1,0
BRF:12
BRH:0
end_of_record
TN:
SF:src/routers/ticket.router.js
FN:26,(anonymous_0)
FN:36,(anonymous_1)
FN:72,(anonymous_2)
FN:90,(anonymous_3)
FN:108,(anonymous_4)
FN:131,(anonymous_5)
FN:152,(anonymous_6)
FNF:7
FNH:0
FNDA:0,(anonymous_0)
FNDA:0,(anonymous_1)
FNDA:0,(anonymous_2)
FNDA:0,(anonymous_3)
FNDA:0,(anonymous_4)
FNDA:0,(anonymous_5)
FNDA:0,(anonymous_6)
DA:1,1
DA:2,1
DA:11,1
DA:12,1
DA:16,1
DA:26,1
DA:28,0
DA:32,1
DA:38,0
DA:39,0
DA:41,0
DA:42,0
DA:54,0
DA:55,0
DA:56,0
DA:61,0
DA:66,0
DA:72,1
DA:74,0
DA:76,0
DA:78,0
DA:80,0
DA:85,0
DA:90,1
DA:91,0
DA:92,0
DA:93,0
DA:95,0
DA:97,0
DA:99,0
DA:104,1
DA:109,0
DA:110,0
DA:111,0
DA:112,0
DA:114,0
DA:116,0
DA:117,0
DA:123,0
DA:125,0
DA:131,1
DA:132,0
DA:133,0
DA:134,0
DA:136,0
DA:138,0
DA:139,0
DA:145,0
DA:147,0
DA:152,1
DA:153,0
DA:154,0
DA:155,0
DA:157,0
DA:159,0
DA:160,0
DA:166,0
DA:170,1
LF:58
LH:13
BRDA:55,0,0,0
BRDA:55,0,1,0
BRDA:116,1,0,0
BRDA:116,1,1,0
BRDA:138,2,0,0
BRDA:138,2,1,0
BRDA:159,3,0,0
BRDA:159,3,1,0
BRF:8
BRH:0
end_of_record
TN:
SF:src/routers/token.router.js
FN:9,(anonymous_0)
FN:43,(anonymous_1)
FNF:2
FNH:0
FNDA:0,(anonymous_0)
FNDA:0,(anonymous_1)
DA:1,1
DA:2,1
DA:4,1
DA:5,1
DA:6,1
DA:9,1
DA:10,0
DA:14,0
DA:15,0
DA:17,0
DA:19,0
DA:20,0
DA:21,0
DA:23,0
DA:26,0
DA:28,0
DA:29,0
DA:32,0
DA:36,0
DA:39,0
DA:43,1
DA:44,0
DA:48,0
DA:49,0
DA:51,0
DA:52,0
DA:53,0
DA:54,0
DA:55,0
DA:57,0
DA:61,0
DA:63,0
DA:64,0
DA:67,0
DA:71,0
DA:75,0
DA:78,1
LF:37
LH:8
BRDA:15,0,0,0
BRDA:15,0,1,0
BRDA:19,1,0,0
BRDA:19,1,1,0
BRDA:28,2,0,0
BRDA:28,2,1,0
BRDA:28,3,0,0
BRDA:28,3,1,0
BRDA:49,4,0,0
BRDA:49,4,1,0
BRDA:53,5,0,0
BRDA:53,5,1,0
BRDA:63,6,0,0
BRDA:63,6,1,0
BRDA:63,7,0,0
BRDA:63,7,1,0
BRF:16
BRH:0
end_of_record
TN:
SF:src/routers/user.router.js
FN:34,(anonymous_0)
FN:42,(anonymous_1)
FN:54,(anonymous_2)
FN:74,(anonymous_3)
FN:107,(anonymous_4)
FN:158,(anonymous_5)
FN:188,(anonymous_6)
FN:230,(anonymous_7)
FNF:8
FNH:0
FNDA:0,(anonymous_0)
FNDA:0,(anonymous_1)
FNDA:0,(anonymous_2)
FNDA:0,(anonymous_3)
FNDA:0,(anonymous_4)
FNDA:0,(anonymous_5)
FNDA:0,(anonymous_6)
FNDA:0,(anonymous_7)
DA:1,1
DA:2,1
DA:11,1
DA:15,1
DA:16,1
DA:17,1
DA:22,1
DA:23,1
DA:28,1
DA:29,1
DA:31,1
DA:32,1
DA:34,1
DA:38,0
DA:42,1
DA:43,0
DA:44,0
DA:54,1
DA:55,0
DA:56,0
DA:58,0
DA:59,0
DA:60,0
DA:61,0
DA:66,0
DA:68,0
DA:69,0
DA:74,1
DA:75,0
DA:77,0
DA:79,0
DA:80,0
DA:88,0
DA:89,0
DA:92,0
DA:98,0
DA:100,0
DA:101,0
DA:102,0
DA:107,1
DA:108,0
DA:110,0
DA:113,0
DA:114,0
DA:118,0
DA:121,0
DA:122,0
DA:126,0
DA:127,0
DA:132,0
DA:133,0
DA:134,0
DA:137,0
DA:139,0
DA:141,0
DA:145,0
DA:146,0
DA:148,0
DA:158,1
DA:160,0
DA:162,0
DA:164,0
DA:166,0
DA:168,0
DA:173,0
DA:180,0
DA:188,1
DA:190,0
DA:192,0
DA:194,0
DA:195,0
DA:196,0
DA:198,0
DA:199,0
DA:200,0
DA:202,0
DA:203,0
DA:206,0
DA:208,0
DA:210,0
DA:212,0
DA:214,0
DA:216,0
DA:223,0
DA:230,1
DA:231,0
DA:233,0
DA:236,0
DA:239,0
DA:241,0
DA:242,0
DA:246,1
LF:92
LH:21
BRDA:60,0,0,0
BRDA:60,0,1,0
BRDA:60,1,0,0
BRDA:60,1,1,0
BRDA:113,2,0,0
BRDA:113,2,1,0
BRDA:113,3,0,0
BRDA:113,3,1,0
BRDA:121,4,0,0
BRDA:121,4,1,0
BRDA:126,5,0,0
BRDA:126,5,1,0
BRDA:132,6,0,0
BRDA:132,6,1,0
BRDA:132,7,0,0
BRDA:132,7,1,0
BRDA:133,8,0,0
BRDA:133,8,1,0
BRDA:139,9,0,0
BRDA:139,9,1,0
BRDA:164,10,0,0
BRDA:164,10,1,0
BRDA:164,11,0,0
BRDA:164,11,1,0
BRDA:194,12,0,0
BRDA:194,12,1,0
BRDA:194,13,0,0
BRDA:194,13,1,0
BRDA:202,14,0,0
BRDA:202,14,1,0
BRDA:210,15,0,0
BRDA:210,15,1,0
BRDA:241,16,0,0
BRDA:241,16,1,0
BRF:34
BRH:0
end_of_record
TN:
SF:src/utils/errorHandler.js
FN:1,(anonymous_0)
FNF:1
FNH:0
FNDA:0,(anonymous_0)
DA:1,1
DA:2,0
DA:3,0
DA:4,0
DA:9,1
LF:5
LH:2
BRDA:3,0,0,0
BRDA:3,0,1,0
BRF:2
BRH:0
end_of_record
TN:
SF:src/utils/randomNumberGenerator.js
FN:1,(anonymous_0)
FNF:1
FNH:0
FNDA:0,(anonymous_0)
DA:1,1
DA:3,0
DA:5,0
DA:6,0
DA:8,0
DA:10,1
LF:6
LH:2
BRF:0
BRH:0
end_of_record
